atlas.views DEBUG 2025-05-12 15:48:06,441 views User can edit observations: False
atlas.views DEBUG 2025-05-12 15:52:50,552 views User can edit observations: True
atlas.views DEBUG 2025-05-12 22:01:03,804 views User can edit observations: True
atlas.views DEBUG 2025-05-12 22:01:06,018 views User can edit observations: True
urllib3.connectionpool DEBUG 2025-05-12 22:01:06,339 connectionpool Starting new HTTPS connection (1): lasair-ztf.lsst.ac.uk:443
urllib3.connectionpool DEBUG 2025-05-12 22:01:06,562 connectionpool https://lasair-ztf.lsst.ac.uk:443 "POST /api/cone/ HTTP/1.1" 200 2
urllib3.connectionpool DEBUG 2025-05-12 22:01:06,575 connectionpool Starting new HTTP connection (1): localhost:8084
matplotlib DEBUG 2025-05-12 22:01:10,596 __init__ matplotlib data path: /Users/kws/.local/lib/python3.11/site-packages/matplotlib/mpl-data
matplotlib DEBUG 2025-05-12 22:01:10,599 __init__ CONFIGDIR=/Users/kws/.matplotlib
matplotlib DEBUG 2025-05-12 22:01:10,599 __init__ interactive is False
matplotlib DEBUG 2025-05-12 22:01:10,600 __init__ platform is darwin
matplotlib DEBUG 2025-05-12 22:01:10,630 __init__ CACHEDIR=/Users/kws/.matplotlib
matplotlib.font_manager DEBUG 2025-05-12 22:01:10,632 font_manager Using fontManager instance from /Users/kws/.matplotlib/fontlist-v390.json
urllib3.connectionpool DEBUG 2025-05-12 22:01:10,831 connectionpool Starting new HTTPS connection (1): dataverse.harvard.edu:443
urllib3.connectionpool DEBUG 2025-05-12 22:01:11,560 connectionpool https://dataverse.harvard.edu:443 "GET /api/datasets/:persistentId?persistentId=doi:10.7910/DVN/EWCNL5 HTTP/1.1" 200 None
urllib3.connectionpool DEBUG 2025-05-12 22:01:11,671 connectionpool Starting new HTTPS connection (1): dataverse.harvard.edu:443
urllib3.connectionpool DEBUG 2025-05-12 22:01:12,190 connectionpool https://dataverse.harvard.edu:443 "GET /api/access/datafile/2902687 HTTP/1.1" 303 0
urllib3.connectionpool DEBUG 2025-05-12 22:01:12,199 connectionpool Starting new HTTPS connection (1): dvn-cloud.s3.amazonaws.com:443
urllib3.connectionpool DEBUG 2025-05-12 22:01:12,738 connectionpool https://dvn-cloud.s3.amazonaws.com:443 "GET /10.7910/DVN/EWCNL5/157bb43e038-2856c7e44170?response-content-disposition=attachment%3B%20filename%2A%3DUTF-8%27%27SFD_dust_4096_ngp.fits&response-content-type=application%2Ffits&X-Amz-Algorithm=AWS4-HMAC-SHA256&X-Amz-Date=20250512T220112Z&X-Amz-SignedHeaders=host&X-Amz-Expires=3600&X-Amz-Credential=AKIAIEJ3NV7UYCSRJC7A%2F20250512%2Fus-east-1%2Fs3%2Faws4_request&X-Amz-Signature=1d4139e3dac30c2abc684be231005fd0c99224c7a207337a3911e50b315abd17 HTTP/1.1" 200 67115520
urllib3.connectionpool DEBUG 2025-05-12 22:01:16,190 connectionpool Starting new HTTPS connection (1): dataverse.harvard.edu:443
urllib3.connectionpool DEBUG 2025-05-12 22:01:16,845 connectionpool https://dataverse.harvard.edu:443 "GET /api/datasets/:persistentId?persistentId=doi:10.7910/DVN/EWCNL5 HTTP/1.1" 200 None
urllib3.connectionpool DEBUG 2025-05-12 22:01:16,954 connectionpool Starting new HTTPS connection (1): dataverse.harvard.edu:443
urllib3.connectionpool DEBUG 2025-05-12 22:01:17,471 connectionpool https://dataverse.harvard.edu:443 "GET /api/access/datafile/2902695 HTTP/1.1" 303 0
urllib3.connectionpool DEBUG 2025-05-12 22:01:17,479 connectionpool Starting new HTTPS connection (1): dvn-cloud.s3.amazonaws.com:443
urllib3.connectionpool DEBUG 2025-05-12 22:01:18,080 connectionpool https://dvn-cloud.s3.amazonaws.com:443 "GET /10.7910/DVN/EWCNL5/157bb8a4df2-7537b98d9920?response-content-disposition=attachment%3B%20filename%2A%3DUTF-8%27%27SFD_dust_4096_sgp.fits&response-content-type=application%2Ffits&X-Amz-Algorithm=AWS4-HMAC-SHA256&X-Amz-Date=20250512T220117Z&X-Amz-SignedHeaders=host&X-Amz-Expires=3600&X-Amz-Credential=AKIAIEJ3NV7UYCSRJC7A%2F20250512%2Fus-east-1%2Fs3%2Faws4_request&X-Amz-Signature=01690cfbe6f80894ff9aabe287f89b2190421ea5351d5ac4b01835d33cb4efcd HTTP/1.1" 200 67115520
atlas.views DEBUG 2025-05-13 17:07:09,848 views User can edit observations: True
atlas.views DEBUG 2025-05-13 17:07:12,949 views User can edit observations: True
accounts.utils DEBUG 2025-05-14 10:43:41,760 utils Checking if user  needs to change password.
atlas.views WARNING 2025-05-14 10:43:45,699 views User rube has no profile.
accounts.utils DEBUG 2025-05-14 10:43:45,705 utils Checking if user rube needs to change password.
accounts.utils DEBUG 2025-05-14 10:43:45,755 utils Checking if user rube needs to change password.
accounts.utils DEBUG 2025-05-14 10:45:45,746 utils Checking if user ken.smith needs to change password.
accounts.utils DEBUG 2025-05-14 10:45:45,791 utils Checking if user ken.smith needs to change password.
accounts.utils DEBUG 2025-05-14 10:46:10,132 utils Checking if user rube needs to change password.
accounts.utils DEBUG 2025-05-14 10:46:10,135 utils User profile: UserProfile object (1)
accounts.utils DEBUG 2025-05-14 10:46:11,964 utils Checking if user rube needs to change password.
accounts.utils DEBUG 2025-05-14 10:46:11,966 utils User profile: UserProfile object (1)
accounts.utils DEBUG 2025-05-14 10:46:13,923 utils Checking if user rube needs to change password.
accounts.utils DEBUG 2025-05-14 10:46:13,925 utils User profile: UserProfile object (1)
accounts.utils DEBUG 2025-05-14 10:46:23,545 utils Checking if user rube needs to change password.
accounts.utils DEBUG 2025-05-14 10:46:23,547 utils User profile: UserProfile object (1)
accounts.utils DEBUG 2025-05-14 10:46:24,438 utils Checking if user rube needs to change password.
accounts.utils DEBUG 2025-05-14 10:46:24,440 utils User profile: UserProfile object (1)
accounts.utils DEBUG 2025-05-14 10:46:27,889 utils Checking if user rube needs to change password.
accounts.utils DEBUG 2025-05-14 10:46:27,890 utils User profile: UserProfile object (1)
accounts.utils DEBUG 2025-05-14 10:46:31,427 utils Checking if user rube needs to change password.
accounts.utils DEBUG 2025-05-14 10:46:31,429 utils User profile: UserProfile object (1)
django.request ERROR 2025-05-14 10:46:47,849 log Internal Server Error: /fruitbat/accounts/change_password/
Traceback (most recent call last):
  File "/Users/kws/anaconda3/envs/atlas311/lib/python3.11/site-packages/django/core/handlers/exception.py", line 55, in inner
    response = get_response(request)
               ^^^^^^^^^^^^^^^^^^^^^
  File "/Users/kws/anaconda3/envs/atlas311/lib/python3.11/site-packages/django/core/handlers/base.py", line 197, in _get_response
    response = wrapped_callback(request, *callback_args, **callback_kwargs)
               ^^^^^^^^^^^^^^^^^^^^^^^^^^^^^^^^^^^^^^^^^^^^^^^^^^^^^^^^^^^^
  File "/Users/kws/anaconda3/envs/atlas311/lib/python3.11/site-packages/django/views/generic/base.py", line 104, in view
    return self.dispatch(request, *args, **kwargs)
           ^^^^^^^^^^^^^^^^^^^^^^^^^^^^^^^^^^^^^^^
  File "/Users/kws/anaconda3/envs/atlas311/lib/python3.11/site-packages/django/utils/decorators.py", line 48, in _wrapper
    return bound_method(*args, **kwargs)
           ^^^^^^^^^^^^^^^^^^^^^^^^^^^^^
  File "/Users/kws/anaconda3/envs/atlas311/lib/python3.11/site-packages/django/views/decorators/debug.py", line 143, in sensitive_post_parameters_wrapper
    return view(request, *args, **kwargs)
           ^^^^^^^^^^^^^^^^^^^^^^^^^^^^^^
  File "/Users/kws/anaconda3/envs/atlas311/lib/python3.11/site-packages/django/utils/decorators.py", line 48, in _wrapper
    return bound_method(*args, **kwargs)
           ^^^^^^^^^^^^^^^^^^^^^^^^^^^^^
  File "/Users/kws/anaconda3/envs/atlas311/lib/python3.11/site-packages/django/utils/decorators.py", line 188, in _view_wrapper
    result = _process_exception(request, e)
             ^^^^^^^^^^^^^^^^^^^^^^^^^^^^^^
  File "/Users/kws/anaconda3/envs/atlas311/lib/python3.11/site-packages/django/utils/decorators.py", line 186, in _view_wrapper
    response = view_func(request, *args, **kwargs)
               ^^^^^^^^^^^^^^^^^^^^^^^^^^^^^^^^^^^
  File "/Users/kws/anaconda3/envs/atlas311/lib/python3.11/site-packages/django/utils/decorators.py", line 48, in _wrapper
    return bound_method(*args, **kwargs)
           ^^^^^^^^^^^^^^^^^^^^^^^^^^^^^
  File "/Users/kws/anaconda3/envs/atlas311/lib/python3.11/site-packages/django/contrib/auth/decorators.py", line 60, in _view_wrapper
    return view_func(request, *args, **kwargs)
           ^^^^^^^^^^^^^^^^^^^^^^^^^^^^^^^^^^^
  File "/Users/kws/anaconda3/envs/atlas311/lib/python3.11/site-packages/django/contrib/auth/views.py", line 363, in dispatch
    return super().dispatch(*args, **kwargs)
           ^^^^^^^^^^^^^^^^^^^^^^^^^^^^^^^^^
  File "/Users/kws/anaconda3/envs/atlas311/lib/python3.11/site-packages/django/views/generic/base.py", line 143, in dispatch
    return handler(request, *args, **kwargs)
           ^^^^^^^^^^^^^^^^^^^^^^^^^^^^^^^^^
  File "/Users/kws/anaconda3/envs/atlas311/lib/python3.11/site-packages/django/views/generic/edit.py", line 150, in post
    if form.is_valid():
       ^^^^^^^^^^^^^^^
  File "/Users/kws/anaconda3/envs/atlas311/lib/python3.11/site-packages/django/forms/forms.py", line 197, in is_valid
    return self.is_bound and not self.errors
                                 ^^^^^^^^^^^
  File "/Users/kws/anaconda3/envs/atlas311/lib/python3.11/site-packages/django/forms/forms.py", line 192, in errors
    self.full_clean()
  File "/Users/kws/anaconda3/envs/atlas311/lib/python3.11/site-packages/django/forms/forms.py", line 325, in full_clean
    self._clean_fields()
  File "/Users/kws/anaconda3/envs/atlas311/lib/python3.11/site-packages/django/forms/forms.py", line 335, in _clean_fields
    value = getattr(self, "clean_%s" % name)()
            ^^^^^^^^^^^^^^^^^^^^^^^^^^^^^^^^^^
  File "/Users/kws/Documents/code/gitdev/psat-server-web/psat_server_web/atlas/atlas/views.py", line 233, in clean_new_password1
    old_password = self.cleaned_data['old_password']
                   ~~~~~~~~~~~~~~~~~^^^^^^^^^^^^^^^^
KeyError: 'old_password'
django.request ERROR 2025-05-14 10:48:47,748 log Internal Server Error: /fruitbat/accounts/change_password/
Traceback (most recent call last):
  File "/Users/kws/anaconda3/envs/atlas311/lib/python3.11/site-packages/django/core/handlers/exception.py", line 55, in inner
    response = get_response(request)
               ^^^^^^^^^^^^^^^^^^^^^
  File "/Users/kws/anaconda3/envs/atlas311/lib/python3.11/site-packages/django/core/handlers/base.py", line 197, in _get_response
    response = wrapped_callback(request, *callback_args, **callback_kwargs)
               ^^^^^^^^^^^^^^^^^^^^^^^^^^^^^^^^^^^^^^^^^^^^^^^^^^^^^^^^^^^^
  File "/Users/kws/anaconda3/envs/atlas311/lib/python3.11/site-packages/django/views/generic/base.py", line 104, in view
    return self.dispatch(request, *args, **kwargs)
           ^^^^^^^^^^^^^^^^^^^^^^^^^^^^^^^^^^^^^^^
  File "/Users/kws/anaconda3/envs/atlas311/lib/python3.11/site-packages/django/utils/decorators.py", line 48, in _wrapper
    return bound_method(*args, **kwargs)
           ^^^^^^^^^^^^^^^^^^^^^^^^^^^^^
  File "/Users/kws/anaconda3/envs/atlas311/lib/python3.11/site-packages/django/views/decorators/debug.py", line 143, in sensitive_post_parameters_wrapper
    return view(request, *args, **kwargs)
           ^^^^^^^^^^^^^^^^^^^^^^^^^^^^^^
  File "/Users/kws/anaconda3/envs/atlas311/lib/python3.11/site-packages/django/utils/decorators.py", line 48, in _wrapper
    return bound_method(*args, **kwargs)
           ^^^^^^^^^^^^^^^^^^^^^^^^^^^^^
  File "/Users/kws/anaconda3/envs/atlas311/lib/python3.11/site-packages/django/utils/decorators.py", line 188, in _view_wrapper
    result = _process_exception(request, e)
             ^^^^^^^^^^^^^^^^^^^^^^^^^^^^^^
  File "/Users/kws/anaconda3/envs/atlas311/lib/python3.11/site-packages/django/utils/decorators.py", line 186, in _view_wrapper
    response = view_func(request, *args, **kwargs)
               ^^^^^^^^^^^^^^^^^^^^^^^^^^^^^^^^^^^
  File "/Users/kws/anaconda3/envs/atlas311/lib/python3.11/site-packages/django/utils/decorators.py", line 48, in _wrapper
    return bound_method(*args, **kwargs)
           ^^^^^^^^^^^^^^^^^^^^^^^^^^^^^
  File "/Users/kws/anaconda3/envs/atlas311/lib/python3.11/site-packages/django/contrib/auth/decorators.py", line 60, in _view_wrapper
    return view_func(request, *args, **kwargs)
           ^^^^^^^^^^^^^^^^^^^^^^^^^^^^^^^^^^^
  File "/Users/kws/anaconda3/envs/atlas311/lib/python3.11/site-packages/django/contrib/auth/views.py", line 363, in dispatch
    return super().dispatch(*args, **kwargs)
           ^^^^^^^^^^^^^^^^^^^^^^^^^^^^^^^^^
  File "/Users/kws/anaconda3/envs/atlas311/lib/python3.11/site-packages/django/views/generic/base.py", line 143, in dispatch
    return handler(request, *args, **kwargs)
           ^^^^^^^^^^^^^^^^^^^^^^^^^^^^^^^^^
  File "/Users/kws/anaconda3/envs/atlas311/lib/python3.11/site-packages/django/views/generic/edit.py", line 150, in post
    if form.is_valid():
       ^^^^^^^^^^^^^^^
  File "/Users/kws/anaconda3/envs/atlas311/lib/python3.11/site-packages/django/forms/forms.py", line 197, in is_valid
    return self.is_bound and not self.errors
                                 ^^^^^^^^^^^
  File "/Users/kws/anaconda3/envs/atlas311/lib/python3.11/site-packages/django/forms/forms.py", line 192, in errors
    self.full_clean()
  File "/Users/kws/anaconda3/envs/atlas311/lib/python3.11/site-packages/django/forms/forms.py", line 325, in full_clean
    self._clean_fields()
  File "/Users/kws/anaconda3/envs/atlas311/lib/python3.11/site-packages/django/forms/forms.py", line 335, in _clean_fields
    value = getattr(self, "clean_%s" % name)()
            ^^^^^^^^^^^^^^^^^^^^^^^^^^^^^^^^^^
  File "/Users/kws/Documents/code/gitdev/psat-server-web/psat_server_web/atlas/atlas/views.py", line 233, in clean_new_password1
    old_password = self.cleaned_data['old_password']
                   ~~~~~~~~~~~~~~~~~^^^^^^^^^^^^^^^^
KeyError: 'old_password'
django.request ERROR 2025-05-14 10:49:36,727 log Internal Server Error: /fruitbat/accounts/change_password/
Traceback (most recent call last):
  File "/Users/kws/anaconda3/envs/atlas311/lib/python3.11/site-packages/django/core/handlers/exception.py", line 55, in inner
    response = get_response(request)
               ^^^^^^^^^^^^^^^^^^^^^
  File "/Users/kws/anaconda3/envs/atlas311/lib/python3.11/site-packages/django/core/handlers/base.py", line 197, in _get_response
    response = wrapped_callback(request, *callback_args, **callback_kwargs)
               ^^^^^^^^^^^^^^^^^^^^^^^^^^^^^^^^^^^^^^^^^^^^^^^^^^^^^^^^^^^^
  File "/Users/kws/anaconda3/envs/atlas311/lib/python3.11/site-packages/django/views/generic/base.py", line 104, in view
    return self.dispatch(request, *args, **kwargs)
           ^^^^^^^^^^^^^^^^^^^^^^^^^^^^^^^^^^^^^^^
  File "/Users/kws/anaconda3/envs/atlas311/lib/python3.11/site-packages/django/utils/decorators.py", line 48, in _wrapper
    return bound_method(*args, **kwargs)
           ^^^^^^^^^^^^^^^^^^^^^^^^^^^^^
  File "/Users/kws/anaconda3/envs/atlas311/lib/python3.11/site-packages/django/views/decorators/debug.py", line 143, in sensitive_post_parameters_wrapper
    return view(request, *args, **kwargs)
           ^^^^^^^^^^^^^^^^^^^^^^^^^^^^^^
  File "/Users/kws/anaconda3/envs/atlas311/lib/python3.11/site-packages/django/utils/decorators.py", line 48, in _wrapper
    return bound_method(*args, **kwargs)
           ^^^^^^^^^^^^^^^^^^^^^^^^^^^^^
  File "/Users/kws/anaconda3/envs/atlas311/lib/python3.11/site-packages/django/utils/decorators.py", line 188, in _view_wrapper
    result = _process_exception(request, e)
             ^^^^^^^^^^^^^^^^^^^^^^^^^^^^^^
  File "/Users/kws/anaconda3/envs/atlas311/lib/python3.11/site-packages/django/utils/decorators.py", line 186, in _view_wrapper
    response = view_func(request, *args, **kwargs)
               ^^^^^^^^^^^^^^^^^^^^^^^^^^^^^^^^^^^
  File "/Users/kws/anaconda3/envs/atlas311/lib/python3.11/site-packages/django/utils/decorators.py", line 48, in _wrapper
    return bound_method(*args, **kwargs)
           ^^^^^^^^^^^^^^^^^^^^^^^^^^^^^
  File "/Users/kws/anaconda3/envs/atlas311/lib/python3.11/site-packages/django/contrib/auth/decorators.py", line 60, in _view_wrapper
    return view_func(request, *args, **kwargs)
           ^^^^^^^^^^^^^^^^^^^^^^^^^^^^^^^^^^^
  File "/Users/kws/anaconda3/envs/atlas311/lib/python3.11/site-packages/django/contrib/auth/views.py", line 363, in dispatch
    return super().dispatch(*args, **kwargs)
           ^^^^^^^^^^^^^^^^^^^^^^^^^^^^^^^^^
  File "/Users/kws/anaconda3/envs/atlas311/lib/python3.11/site-packages/django/views/generic/base.py", line 143, in dispatch
    return handler(request, *args, **kwargs)
           ^^^^^^^^^^^^^^^^^^^^^^^^^^^^^^^^^
  File "/Users/kws/anaconda3/envs/atlas311/lib/python3.11/site-packages/django/views/generic/edit.py", line 150, in post
    if form.is_valid():
       ^^^^^^^^^^^^^^^
  File "/Users/kws/anaconda3/envs/atlas311/lib/python3.11/site-packages/django/forms/forms.py", line 197, in is_valid
    return self.is_bound and not self.errors
                                 ^^^^^^^^^^^
  File "/Users/kws/anaconda3/envs/atlas311/lib/python3.11/site-packages/django/forms/forms.py", line 192, in errors
    self.full_clean()
  File "/Users/kws/anaconda3/envs/atlas311/lib/python3.11/site-packages/django/forms/forms.py", line 325, in full_clean
    self._clean_fields()
  File "/Users/kws/anaconda3/envs/atlas311/lib/python3.11/site-packages/django/forms/forms.py", line 335, in _clean_fields
    value = getattr(self, "clean_%s" % name)()
            ^^^^^^^^^^^^^^^^^^^^^^^^^^^^^^^^^^
  File "/Users/kws/Documents/code/gitdev/psat-server-web/psat_server_web/atlas/atlas/views.py", line 233, in clean_new_password1
    old_password = self.cleaned_data['old_password']
                   ~~~~~~~~~~~~~~~~~^^^^^^^^^^^^^^^^
KeyError: 'old_password'
django.request ERROR 2025-05-14 10:49:52,978 log Internal Server Error: /fruitbat/accounts/change_password/
Traceback (most recent call last):
  File "/Users/kws/anaconda3/envs/atlas311/lib/python3.11/site-packages/django/core/handlers/exception.py", line 55, in inner
    response = get_response(request)
               ^^^^^^^^^^^^^^^^^^^^^
  File "/Users/kws/anaconda3/envs/atlas311/lib/python3.11/site-packages/django/core/handlers/base.py", line 197, in _get_response
    response = wrapped_callback(request, *callback_args, **callback_kwargs)
               ^^^^^^^^^^^^^^^^^^^^^^^^^^^^^^^^^^^^^^^^^^^^^^^^^^^^^^^^^^^^
  File "/Users/kws/anaconda3/envs/atlas311/lib/python3.11/site-packages/django/views/generic/base.py", line 104, in view
    return self.dispatch(request, *args, **kwargs)
           ^^^^^^^^^^^^^^^^^^^^^^^^^^^^^^^^^^^^^^^
  File "/Users/kws/anaconda3/envs/atlas311/lib/python3.11/site-packages/django/utils/decorators.py", line 48, in _wrapper
    return bound_method(*args, **kwargs)
           ^^^^^^^^^^^^^^^^^^^^^^^^^^^^^
  File "/Users/kws/anaconda3/envs/atlas311/lib/python3.11/site-packages/django/views/decorators/debug.py", line 143, in sensitive_post_parameters_wrapper
    return view(request, *args, **kwargs)
           ^^^^^^^^^^^^^^^^^^^^^^^^^^^^^^
  File "/Users/kws/anaconda3/envs/atlas311/lib/python3.11/site-packages/django/utils/decorators.py", line 48, in _wrapper
    return bound_method(*args, **kwargs)
           ^^^^^^^^^^^^^^^^^^^^^^^^^^^^^
  File "/Users/kws/anaconda3/envs/atlas311/lib/python3.11/site-packages/django/utils/decorators.py", line 188, in _view_wrapper
    result = _process_exception(request, e)
             ^^^^^^^^^^^^^^^^^^^^^^^^^^^^^^
  File "/Users/kws/anaconda3/envs/atlas311/lib/python3.11/site-packages/django/utils/decorators.py", line 186, in _view_wrapper
    response = view_func(request, *args, **kwargs)
               ^^^^^^^^^^^^^^^^^^^^^^^^^^^^^^^^^^^
  File "/Users/kws/anaconda3/envs/atlas311/lib/python3.11/site-packages/django/utils/decorators.py", line 48, in _wrapper
    return bound_method(*args, **kwargs)
           ^^^^^^^^^^^^^^^^^^^^^^^^^^^^^
  File "/Users/kws/anaconda3/envs/atlas311/lib/python3.11/site-packages/django/contrib/auth/decorators.py", line 60, in _view_wrapper
    return view_func(request, *args, **kwargs)
           ^^^^^^^^^^^^^^^^^^^^^^^^^^^^^^^^^^^
  File "/Users/kws/anaconda3/envs/atlas311/lib/python3.11/site-packages/django/contrib/auth/views.py", line 363, in dispatch
    return super().dispatch(*args, **kwargs)
           ^^^^^^^^^^^^^^^^^^^^^^^^^^^^^^^^^
  File "/Users/kws/anaconda3/envs/atlas311/lib/python3.11/site-packages/django/views/generic/base.py", line 143, in dispatch
    return handler(request, *args, **kwargs)
           ^^^^^^^^^^^^^^^^^^^^^^^^^^^^^^^^^
  File "/Users/kws/anaconda3/envs/atlas311/lib/python3.11/site-packages/django/views/generic/edit.py", line 150, in post
    if form.is_valid():
       ^^^^^^^^^^^^^^^
  File "/Users/kws/anaconda3/envs/atlas311/lib/python3.11/site-packages/django/forms/forms.py", line 197, in is_valid
    return self.is_bound and not self.errors
                                 ^^^^^^^^^^^
  File "/Users/kws/anaconda3/envs/atlas311/lib/python3.11/site-packages/django/forms/forms.py", line 192, in errors
    self.full_clean()
  File "/Users/kws/anaconda3/envs/atlas311/lib/python3.11/site-packages/django/forms/forms.py", line 325, in full_clean
    self._clean_fields()
  File "/Users/kws/anaconda3/envs/atlas311/lib/python3.11/site-packages/django/forms/forms.py", line 335, in _clean_fields
    value = getattr(self, "clean_%s" % name)()
            ^^^^^^^^^^^^^^^^^^^^^^^^^^^^^^^^^^
  File "/Users/kws/Documents/code/gitdev/psat-server-web/psat_server_web/atlas/atlas/views.py", line 233, in clean_new_password1
    old_password = self.cleaned_data['old_password']
                   ~~~~~~~~~~~~~~~~~^^^^^^^^^^^^^^^^
KeyError: 'old_password'
django.request ERROR 2025-05-14 10:50:37,769 log Internal Server Error: /fruitbat/accounts/change_password/
Traceback (most recent call last):
  File "/Users/kws/anaconda3/envs/atlas311/lib/python3.11/site-packages/django/core/handlers/exception.py", line 55, in inner
    response = get_response(request)
               ^^^^^^^^^^^^^^^^^^^^^
  File "/Users/kws/anaconda3/envs/atlas311/lib/python3.11/site-packages/django/core/handlers/base.py", line 197, in _get_response
    response = wrapped_callback(request, *callback_args, **callback_kwargs)
               ^^^^^^^^^^^^^^^^^^^^^^^^^^^^^^^^^^^^^^^^^^^^^^^^^^^^^^^^^^^^
  File "/Users/kws/anaconda3/envs/atlas311/lib/python3.11/site-packages/django/views/generic/base.py", line 104, in view
    return self.dispatch(request, *args, **kwargs)
           ^^^^^^^^^^^^^^^^^^^^^^^^^^^^^^^^^^^^^^^
  File "/Users/kws/anaconda3/envs/atlas311/lib/python3.11/site-packages/django/utils/decorators.py", line 48, in _wrapper
    return bound_method(*args, **kwargs)
           ^^^^^^^^^^^^^^^^^^^^^^^^^^^^^
  File "/Users/kws/anaconda3/envs/atlas311/lib/python3.11/site-packages/django/views/decorators/debug.py", line 143, in sensitive_post_parameters_wrapper
    return view(request, *args, **kwargs)
           ^^^^^^^^^^^^^^^^^^^^^^^^^^^^^^
  File "/Users/kws/anaconda3/envs/atlas311/lib/python3.11/site-packages/django/utils/decorators.py", line 48, in _wrapper
    return bound_method(*args, **kwargs)
           ^^^^^^^^^^^^^^^^^^^^^^^^^^^^^
  File "/Users/kws/anaconda3/envs/atlas311/lib/python3.11/site-packages/django/utils/decorators.py", line 188, in _view_wrapper
    result = _process_exception(request, e)
             ^^^^^^^^^^^^^^^^^^^^^^^^^^^^^^
  File "/Users/kws/anaconda3/envs/atlas311/lib/python3.11/site-packages/django/utils/decorators.py", line 186, in _view_wrapper
    response = view_func(request, *args, **kwargs)
               ^^^^^^^^^^^^^^^^^^^^^^^^^^^^^^^^^^^
  File "/Users/kws/anaconda3/envs/atlas311/lib/python3.11/site-packages/django/utils/decorators.py", line 48, in _wrapper
    return bound_method(*args, **kwargs)
           ^^^^^^^^^^^^^^^^^^^^^^^^^^^^^
  File "/Users/kws/anaconda3/envs/atlas311/lib/python3.11/site-packages/django/contrib/auth/decorators.py", line 60, in _view_wrapper
    return view_func(request, *args, **kwargs)
           ^^^^^^^^^^^^^^^^^^^^^^^^^^^^^^^^^^^
  File "/Users/kws/anaconda3/envs/atlas311/lib/python3.11/site-packages/django/contrib/auth/views.py", line 363, in dispatch
    return super().dispatch(*args, **kwargs)
           ^^^^^^^^^^^^^^^^^^^^^^^^^^^^^^^^^
  File "/Users/kws/anaconda3/envs/atlas311/lib/python3.11/site-packages/django/views/generic/base.py", line 143, in dispatch
    return handler(request, *args, **kwargs)
           ^^^^^^^^^^^^^^^^^^^^^^^^^^^^^^^^^
  File "/Users/kws/anaconda3/envs/atlas311/lib/python3.11/site-packages/django/views/generic/edit.py", line 150, in post
    if form.is_valid():
       ^^^^^^^^^^^^^^^
  File "/Users/kws/anaconda3/envs/atlas311/lib/python3.11/site-packages/django/forms/forms.py", line 197, in is_valid
    return self.is_bound and not self.errors
                                 ^^^^^^^^^^^
  File "/Users/kws/anaconda3/envs/atlas311/lib/python3.11/site-packages/django/forms/forms.py", line 192, in errors
    self.full_clean()
  File "/Users/kws/anaconda3/envs/atlas311/lib/python3.11/site-packages/django/forms/forms.py", line 325, in full_clean
    self._clean_fields()
  File "/Users/kws/anaconda3/envs/atlas311/lib/python3.11/site-packages/django/forms/forms.py", line 335, in _clean_fields
    value = getattr(self, "clean_%s" % name)()
            ^^^^^^^^^^^^^^^^^^^^^^^^^^^^^^^^^^
  File "/Users/kws/Documents/code/gitdev/psat-server-web/psat_server_web/atlas/atlas/views.py", line 233, in clean_new_password1
    old_password = self.cleaned_data['old_password']
                   ~~~~~~~~~~~~~~~~~^^^^^^^^^^^^^^^^
KeyError: 'old_password'
atlas.views DEBUG 2025-05-14 11:07:17,604 views self.cleaned_data: {'new_password1': 'lksdjfkljsdfj'}
atlas.views DEBUG 2025-05-14 11:07:32,941 views self.cleaned_data: {'new_password1': 'kks'}
atlas.views DEBUG 2025-05-14 11:07:45,993 views self.cleaned_data: {'new_password1': 'lksdjkfj'}
atlas.views DEBUG 2025-05-14 11:07:59,407 views self.cleaned_data: {'old_password': 'rube123', 'new_password1': 'lsjldfjskdj'}
atlas.views DEBUG 2025-05-14 11:08:21,757 views self.cleaned_data: {'new_password1': 'skks'}
atlas.views DEBUG 2025-05-14 11:08:43,290 views self.cleaned_data: {'old_password': 'rube123', 'new_password1': 'lksdkjfkd'}
atlas.views DEBUG 2025-05-14 11:09:14,855 views self.cleaned_data: {'new_password1': 'rube'}
atlas.views DEBUG 2025-05-14 11:10:01,511 views self.cleaned_data: {'old_password': 'rube123', 'new_password1': 'rube'}
atlas.views DEBUG 2025-05-14 11:11:20,295 views self.cleaned_data: {'new_password1': 'rube'}
atlas.views DEBUG 2025-05-14 11:12:32,362 views self.cleaned_data: {'old_password': 'rube123', 'new_password1': 'rube'}
accounts.utils DEBUG 2025-05-14 11:27:29,209 utils Checking if user rube needs to change password.
accounts.utils DEBUG 2025-05-14 11:27:29,209 utils User profile: UserProfile object (1)
accounts.utils DEBUG 2025-05-14 11:27:29,247 utils Checking if user rube needs to change password.
accounts.utils DEBUG 2025-05-14 11:27:29,248 utils User profile: UserProfile object (1)
accounts.utils DEBUG 2025-05-14 11:27:41,679 utils Checking if user rube needs to change password.
accounts.utils DEBUG 2025-05-14 11:27:41,682 utils User profile: UserProfile object (1)
atlas.views DEBUG 2025-05-14 11:27:41,693 views User can edit observations: True
accounts.utils DEBUG 2025-05-14 20:49:19,405 utils Checking if user rube needs to change password.
accounts.utils DEBUG 2025-05-14 20:49:19,407 utils User profile: UserProfile object (1)
accounts.utils DEBUG 2025-05-14 20:49:19,473 utils Checking if user rube needs to change password.
accounts.utils DEBUG 2025-05-14 20:49:19,474 utils User profile: UserProfile object (1)
accounts.utils DEBUG 2025-05-14 21:00:46,264 utils Checking if user rube needs to change password.
accounts.utils DEBUG 2025-05-14 21:00:46,266 utils User profile: UserProfile object (1)
accounts.utils DEBUG 2025-05-14 21:00:46,313 utils Checking if user rube needs to change password.
accounts.utils DEBUG 2025-05-14 21:00:46,315 utils User profile: UserProfile object (1)
accounts.utils DEBUG 2025-05-14 21:13:07,361 utils Checking if user rube needs to change password.
accounts.utils DEBUG 2025-05-14 21:13:07,363 utils User profile: UserProfile object (1)
accounts.utils DEBUG 2025-05-14 21:13:07,408 utils Checking if user rube needs to change password.
accounts.utils DEBUG 2025-05-14 21:13:07,409 utils User profile: UserProfile object (1)
accounts.utils DEBUG 2025-05-14 21:33:21,057 utils Checking if user rube needs to change password.
accounts.utils DEBUG 2025-05-14 21:33:21,059 utils User profile: UserProfile object (1)
accounts.utils DEBUG 2025-05-14 21:33:21,106 utils Checking if user rube needs to change password.
accounts.utils DEBUG 2025-05-14 21:33:21,108 utils User profile: UserProfile object (1)
accounts.utils DEBUG 2025-05-15 15:57:40,089 utils Checking if user rube needs to change password.
accounts.utils DEBUG 2025-05-15 15:57:40,090 utils User profile: UserProfile object (1)
accounts.utils DEBUG 2025-05-15 15:57:40,148 utils Checking if user rube needs to change password.
accounts.utils DEBUG 2025-05-15 15:57:40,148 utils User profile: UserProfile object (1)
accounts.utils DEBUG 2025-05-15 16:05:25,574 utils Checking if user ken.smith needs to change password.
accounts.utils DEBUG 2025-05-15 16:05:25,620 utils Checking if user ken.smith needs to change password.
accounts.utils DEBUG 2025-05-15 16:05:42,656 utils Checking if user ken.smith needs to change password.
accounts.utils DEBUG 2025-05-15 16:05:42,699 utils Checking if user ken.smith needs to change password.
accounts.utils DEBUG 2025-05-16 14:02:17,059 utils Checking if user ken.smith needs to change password.
accounts.utils DEBUG 2025-05-16 14:02:17,120 utils Checking if user ken.smith needs to change password.
accounts.utils DEBUG 2025-05-20 13:41:26,648 utils Checking if user ken.smith needs to change password.
accounts.utils DEBUG 2025-05-20 13:41:26,710 utils Checking if user ken.smith needs to change password.
accounts.utils DEBUG 2025-05-20 13:41:33,775 utils Checking if user ken.smith needs to change password.
atlas.views DEBUG 2025-05-20 13:41:33,790 views User can edit observations: True
accounts.utils DEBUG 2025-05-20 13:41:42,513 utils Checking if user ken.smith needs to change password.
atlas.views DEBUG 2025-05-20 13:41:42,522 views User can edit observations: True
accounts.utils DEBUG 2025-05-20 13:41:44,875 utils Checking if user ken.smith needs to change password.
atlas.views DEBUG 2025-05-20 13:41:44,888 views User can edit observations: True
urllib3.connectionpool DEBUG 2025-05-20 13:41:45,309 connectionpool Starting new HTTPS connection (1): lasair-ztf.lsst.ac.uk:443
urllib3.connectionpool DEBUG 2025-05-20 13:41:45,427 connectionpool https://lasair-ztf.lsst.ac.uk:443 "POST /api/cone/ HTTP/1.1" 200 2
urllib3.connectionpool DEBUG 2025-05-20 13:41:45,431 connectionpool Starting new HTTP connection (1): localhost:8084
accounts.utils DEBUG 2025-05-26 09:58:52,538 utils Checking if user ken.smith needs to change password.
accounts.utils DEBUG 2025-05-26 09:58:52,722 utils Checking if user ken.smith needs to change password.
accounts.utils DEBUG 2025-05-26 09:58:59,098 utils Checking if user ken.smith needs to change password.
atlas.views DEBUG 2025-05-26 09:58:59,109 views User can edit observations: True
accounts.utils DEBUG 2025-05-26 09:59:01,139 utils Checking if user ken.smith needs to change password.
atlas.views DEBUG 2025-05-26 09:59:01,151 views User can edit observations: True
urllib3.connectionpool DEBUG 2025-05-26 09:59:01,437 connectionpool Starting new HTTPS connection (1): lasair-ztf.lsst.ac.uk:443
urllib3.connectionpool DEBUG 2025-05-26 09:59:01,608 connectionpool https://lasair-ztf.lsst.ac.uk:443 "POST /api/cone/ HTTP/1.1" 200 2
urllib3.connectionpool DEBUG 2025-05-26 09:59:01,617 connectionpool Starting new HTTP connection (1): localhost:8084
accounts.utils DEBUG 2025-05-26 09:59:18,679 utils Checking if user ken.smith needs to change password.
atlas.views DEBUG 2025-05-26 09:59:18,691 views User can edit observations: True
urllib3.connectionpool DEBUG 2025-05-26 09:59:18,929 connectionpool Starting new HTTPS connection (1): lasair-ztf.lsst.ac.uk:443
urllib3.connectionpool DEBUG 2025-05-26 09:59:19,070 connectionpool https://lasair-ztf.lsst.ac.uk:443 "POST /api/cone/ HTTP/1.1" 200 2
urllib3.connectionpool DEBUG 2025-05-26 09:59:19,071 connectionpool Starting new HTTP connection (1): localhost:8084
accounts.utils DEBUG 2025-05-26 09:59:36,251 utils Checking if user ken.smith needs to change password.
atlas.views DEBUG 2025-05-26 09:59:36,263 views User can edit observations: True
accounts.utils DEBUG 2025-05-26 09:59:48,644 utils Checking if user ken.smith needs to change password.
atlas.views DEBUG 2025-05-26 09:59:48,656 views User can edit observations: True
urllib3.connectionpool DEBUG 2025-05-26 09:59:49,174 connectionpool Starting new HTTPS connection (1): lasair-ztf.lsst.ac.uk:443
urllib3.connectionpool DEBUG 2025-05-26 09:59:49,276 connectionpool https://lasair-ztf.lsst.ac.uk:443 "POST /api/cone/ HTTP/1.1" 200 2
urllib3.connectionpool DEBUG 2025-05-26 09:59:49,278 connectionpool Starting new HTTP connection (1): localhost:8084
accounts.utils DEBUG 2025-05-27 16:30:37,223 utils Checking if user ken.smith needs to change password.
accounts.utils DEBUG 2025-05-27 16:30:37,274 utils Checking if user ken.smith needs to change password.
accounts.utils DEBUG 2025-05-27 16:35:01,507 utils Checking if user ken.smith needs to change password.
accounts.utils DEBUG 2025-05-27 16:35:01,553 utils Checking if user ken.smith needs to change password.
accounts.utils DEBUG 2025-05-28 10:33:24,677 utils Checking if user ken.smith needs to change password.
accounts.utils DEBUG 2025-05-28 10:33:24,736 utils Checking if user ken.smith needs to change password.
accounts.utils DEBUG 2025-05-28 10:49:51,393 utils Checking if user ken.smith needs to change password.
accounts.utils DEBUG 2025-05-28 10:49:51,472 utils Checking if user ken.smith needs to change password.
accounts.utils DEBUG 2025-05-28 17:00:56,400 utils Checking if user ken.smith needs to change password.
accounts.utils DEBUG 2025-05-28 17:00:56,458 utils Checking if user ken.smith needs to change password.
accounts.utils DEBUG 2025-05-28 17:23:58,599 utils Checking if user ken.smith needs to change password.
accounts.utils DEBUG 2025-05-28 17:23:58,646 utils Checking if user ken.smith needs to change password.
