2025-05-31 20:13:37,805 - recommendation_system_example - INFO - Starting recommendation system example
2025-05-31 20:13:37,806 - recommendation_system_example - INFO - Creating sample data
2025-05-31 20:13:37,806 - recommendation_system_example - DEBUG - Created sample file: data/item_1.json
2025-05-31 20:13:37,806 - recommendation_system_example - DEBUG - Created sample file: data/item_2.json
2025-05-31 20:13:37,806 - recommendation_system_example - DEBUG - Created sample file: data/item_3.json
2025-05-31 20:13:37,806 - recommendation_system_example - DEBUG - Created sample file: data/item_4.json
2025-05-31 20:13:37,806 - recommendation_system_example - DEBUG - Created sample file: data/item_5.json
2025-05-31 20:13:37,806 - recommendation_system_example - INFO - Loading items
2025-05-31 20:13:37,806 - recommendation_system_example - DEBUG - Loaded item: data/item_2.json
2025-05-31 20:13:37,806 - recommendation_system_example - DEBUG - Loaded item: data/item_3.json
2025-05-31 20:13:37,806 - recommendation_system_example - DEBUG - Loaded item: data/item_4.json
2025-05-31 20:13:37,806 - recommendation_system_example - DEBUG - Loaded item: data/item_5.json
2025-05-31 20:13:37,806 - recommendation_system_example - DEBUG - Loaded item: data/item_1.json
2025-05-31 20:13:40,606 - recommendation_system_example - INFO - Successfully added items to database
2025-05-31 20:13:40,606 - recommendation_system_example - INFO - Initialized recommendation system
2025-05-31 20:13:40,606 - recommendation_system_example - INFO - Initialized profile for user user1
2025-05-31 20:13:40,606 - recommendation_system_example - DEBUG - Added preference for Technology with weight 2.0
2025-05-31 20:13:40,606 - recommendation_system_example - DEBUG - Added preference for Programming with weight 1.5
2025-05-31 20:13:40,606 - recommendation_system_example - DEBUG - Added item item_1 to history with rating 4.5
2025-05-31 20:13:40,606 - recommendation_system_example - DEBUG - Added item item_2 to history with rating 4.0
2025-05-31 20:13:40,606 - recommendation_system_example - INFO - Initialized profile for user user2
2025-05-31 20:13:40,606 - recommendation_system_example - DEBUG - Added preference for Science with weight 2.0
2025-05-31 20:13:40,607 - recommendation_system_example - DEBUG - Added preference for Research with weight 1.5
2025-05-31 20:13:40,607 - recommendation_system_example - DEBUG - Added item item_3 to history with rating 4.0
2025-05-31 20:13:40,607 - recommendation_system_example - DEBUG - Added item item_5 to history with rating 4.5
2025-05-31 20:13:40,607 - recommendation_system_example - INFO - Getting recommendations for user1
2025-05-31 20:13:40,607 - recommendation_system_example - INFO - Getting recommendations for user user1
2025-05-31 20:13:40,615 - recommendation_system_example - INFO - Recommendations for user1:
2025-05-31 20:13:40,615 - recommendation_system_example - INFO - Getting recommendations for user2
2025-05-31 20:13:40,615 - recommendation_system_example - INFO - Getting recommendations for user user2
2025-05-31 20:13:40,622 - recommendation_system_example - INFO - Recommendations for user2:
2025-05-31 20:13:40,622 - recommendation_system_example - INFO - Getting similar items for item_1
2025-05-31 20:13:40,622 - recommendation_system_example - INFO - Getting similar items for item_1
2025-05-31 20:13:40,622 - recommendation_system_example - ERROR - Error getting similar items
2025-05-31 20:13:40,622 - recommendation_system_example - INFO - Similar items for item_1:
2025-05-31 20:13:40,622 - recommendation_system_example - INFO - Getting similar items for item_3
2025-05-31 20:13:40,622 - recommendation_system_example - INFO - Getting similar items for item_3
2025-05-31 20:13:40,622 - recommendation_system_example - ERROR - Error getting similar items
2025-05-31 20:13:40,622 - recommendation_system_example - INFO - Similar items for item_3:
2025-05-31 20:13:40,623 - recommendation_system_example - INFO - Getting similar items for item_4
2025-05-31 20:13:40,623 - recommendation_system_example - INFO - Getting similar items for item_4
2025-05-31 20:13:40,623 - recommendation_system_example - ERROR - Error getting similar items
2025-05-31 20:13:40,623 - recommendation_system_example - INFO - Similar items for item_4:
2025-05-31 20:15:11,477 - recommendation_system_example - INFO - Starting recommendation system example
2025-05-31 20:15:11,478 - recommendation_system_example - INFO - Creating sample data
2025-05-31 20:15:11,478 - recommendation_system_example - DEBUG - Created sample file: data/item_1.json
2025-05-31 20:15:11,478 - recommendation_system_example - DEBUG - Created sample file: data/item_2.json
2025-05-31 20:15:11,478 - recommendation_system_example - DEBUG - Created sample file: data/item_3.json
2025-05-31 20:15:11,478 - recommendation_system_example - DEBUG - Created sample file: data/item_4.json
2025-05-31 20:15:11,478 - recommendation_system_example - DEBUG - Created sample file: data/item_5.json
2025-05-31 20:15:11,478 - recommendation_system_example - INFO - Loading items
2025-05-31 20:15:11,478 - recommendation_system_example - DEBUG - Loaded item: data/item_2.json
2025-05-31 20:15:11,478 - recommendation_system_example - DEBUG - Loaded item: data/item_3.json
2025-05-31 20:15:11,478 - recommendation_system_example - DEBUG - Loaded item: data/item_4.json
2025-05-31 20:15:11,478 - recommendation_system_example - DEBUG - Loaded item: data/item_5.json
2025-05-31 20:15:11,478 - recommendation_system_example - DEBUG - Loaded item: data/item_1.json
2025-05-31 20:15:14,794 - recommendation_system_example - INFO - Successfully added items to database
2025-05-31 20:15:14,794 - recommendation_system_example - INFO - Initialized recommendation system
2025-05-31 20:15:14,794 - recommendation_system_example - INFO - Initialized profile for user user1
2025-05-31 20:15:14,794 - recommendation_system_example - DEBUG - Added preference for Technology with weight 2.0
2025-05-31 20:15:14,794 - recommendation_system_example - DEBUG - Added preference for Programming with weight 1.5
2025-05-31 20:15:14,794 - recommendation_system_example - DEBUG - Added item item_1 to history with rating 4.5
2025-05-31 20:15:14,794 - recommendation_system_example - DEBUG - Added item item_2 to history with rating 4.0
2025-05-31 20:15:14,794 - recommendation_system_example - INFO - Initialized profile for user user2
2025-05-31 20:15:14,794 - recommendation_system_example - DEBUG - Added preference for Science with weight 2.0
2025-05-31 20:15:14,794 - recommendation_system_example - DEBUG - Added preference for Research with weight 1.5
2025-05-31 20:15:14,794 - recommendation_system_example - DEBUG - Added item item_3 to history with rating 4.0
2025-05-31 20:15:14,794 - recommendation_system_example - DEBUG - Added item item_5 to history with rating 4.5
2025-05-31 20:15:14,795 - recommendation_system_example - INFO - Getting recommendations for user1
2025-05-31 20:15:14,795 - recommendation_system_example - INFO - Getting recommendations for user user1
2025-05-31 20:15:14,803 - recommendation_system_example - INFO - Recommendations for user1:
2025-05-31 20:15:14,803 - recommendation_system_example - INFO - Getting recommendations for user2
2025-05-31 20:15:14,803 - recommendation_system_example - INFO - Getting recommendations for user user2
2025-05-31 20:15:14,809 - recommendation_system_example - INFO - Recommendations for user2:
2025-05-31 20:15:14,809 - recommendation_system_example - INFO - Getting similar items for item_1
2025-05-31 20:15:14,809 - recommendation_system_example - INFO - Getting similar items for item_1
2025-05-31 20:15:14,809 - recommendation_system_example - DEBUG - database.get(item_1) returned: {'ids': ['item_1'], 'embeddings': None, 'documents': ['Machine learning for beginners'], 'uris': None, 'included': ['metadatas', 'documents'], 'data': None, 'metadatas': [{'tags': 'AI, Education, Programming', 'category': 'Technology'}]}
2025-05-31 20:15:14,809 - recommendation_system_example - ERROR - Item item_1 missing 'document' key or not a dict: {'ids': ['item_1'], 'embeddings': None, 'documents': ['Machine learning for beginners'], 'uris': None, 'included': ['metadatas', 'documents'], 'data': None, 'metadatas': [{'tags': 'AI, Education, Programming', 'category': 'Technology'}]}
2025-05-31 20:15:14,809 - recommendation_system_example - INFO - Similar items for item_1:
2025-05-31 20:15:14,809 - recommendation_system_example - INFO - Getting similar items for item_3
2025-05-31 20:15:14,809 - recommendation_system_example - INFO - Getting similar items for item_3
2025-05-31 20:15:14,810 - recommendation_system_example - DEBUG - database.get(item_3) returned: {'ids': ['item_3'], 'embeddings': None, 'documents': ['Introduction to quantum computing'], 'uris': None, 'included': ['metadatas', 'documents'], 'data': None, 'metadatas': [{'category': 'Science', 'tags': 'Physics, Computing, Research'}]}
2025-05-31 20:15:14,810 - recommendation_system_example - ERROR - Item item_3 missing 'document' key or not a dict: {'ids': ['item_3'], 'embeddings': None, 'documents': ['Introduction to quantum computing'], 'uris': None, 'included': ['metadatas', 'documents'], 'data': None, 'metadatas': [{'category': 'Science', 'tags': 'Physics, Computing, Research'}]}
2025-05-31 20:15:14,810 - recommendation_system_example - INFO - Similar items for item_3:
2025-05-31 20:15:14,810 - recommendation_system_example - INFO - Getting similar items for item_4
2025-05-31 20:15:14,810 - recommendation_system_example - INFO - Getting similar items for item_4
2025-05-31 20:15:14,810 - recommendation_system_example - DEBUG - database.get(item_4) returned: {'ids': ['item_4'], 'embeddings': None, 'documents': ['Sustainable energy solutions'], 'uris': None, 'included': ['metadatas', 'documents'], 'data': None, 'metadatas': [{'tags': 'Green Energy, Sustainability, Technology', 'category': 'Environment'}]}
2025-05-31 20:15:14,810 - recommendation_system_example - ERROR - Item item_4 missing 'document' key or not a dict: {'ids': ['item_4'], 'embeddings': None, 'documents': ['Sustainable energy solutions'], 'uris': None, 'included': ['metadatas', 'documents'], 'data': None, 'metadatas': [{'tags': 'Green Energy, Sustainability, Technology', 'category': 'Environment'}]}
2025-05-31 20:15:14,810 - recommendation_system_example - INFO - Similar items for item_4:
2025-05-31 20:17:09,390 - recommendation_system_example - INFO - Starting recommendation system example
2025-05-31 20:17:09,390 - recommendation_system_example - INFO - Creating sample data
2025-05-31 20:17:09,390 - recommendation_system_example - DEBUG - Created sample file: data/item_1.json
2025-05-31 20:17:09,390 - recommendation_system_example - DEBUG - Created sample file: data/item_2.json
2025-05-31 20:17:09,390 - recommendation_system_example - DEBUG - Created sample file: data/item_3.json
2025-05-31 20:17:09,390 - recommendation_system_example - DEBUG - Created sample file: data/item_4.json
2025-05-31 20:17:09,390 - recommendation_system_example - DEBUG - Created sample file: data/item_5.json
2025-05-31 20:17:09,390 - recommendation_system_example - INFO - Loading items
2025-05-31 20:17:09,390 - recommendation_system_example - DEBUG - Loaded item: data/item_2.json
2025-05-31 20:17:09,391 - recommendation_system_example - DEBUG - Loaded item: data/item_3.json
2025-05-31 20:17:09,391 - recommendation_system_example - DEBUG - Loaded item: data/item_4.json
2025-05-31 20:17:09,391 - recommendation_system_example - DEBUG - Loaded item: data/item_5.json
2025-05-31 20:17:09,391 - recommendation_system_example - DEBUG - Loaded item: data/item_1.json
2025-05-31 20:17:11,808 - recommendation_system_example - INFO - Successfully added items to database
2025-05-31 20:17:11,808 - recommendation_system_example - INFO - Initialized recommendation system
2025-05-31 20:17:11,808 - recommendation_system_example - INFO - Initialized profile for user user1
2025-05-31 20:17:11,808 - recommendation_system_example - DEBUG - Added preference for Technology with weight 2.0
2025-05-31 20:17:11,808 - recommendation_system_example - DEBUG - Added preference for Programming with weight 1.5
2025-05-31 20:17:11,808 - recommendation_system_example - DEBUG - Added item item_1 to history with rating 4.5
2025-05-31 20:17:11,808 - recommendation_system_example - DEBUG - Added item item_2 to history with rating 4.0
2025-05-31 20:17:11,808 - recommendation_system_example - INFO - Initialized profile for user user2
2025-05-31 20:17:11,808 - recommendation_system_example - DEBUG - Added preference for Science with weight 2.0
2025-05-31 20:17:11,808 - recommendation_system_example - DEBUG - Added preference for Research with weight 1.5
2025-05-31 20:17:11,808 - recommendation_system_example - DEBUG - Added item item_3 to history with rating 4.0
2025-05-31 20:17:11,808 - recommendation_system_example - DEBUG - Added item item_5 to history with rating 4.5
2025-05-31 20:17:11,808 - recommendation_system_example - INFO - Getting recommendations for user1
2025-05-31 20:17:11,808 - recommendation_system_example - INFO - Getting recommendations for user user1
2025-05-31 20:17:11,819 - recommendation_system_example - INFO - Found 5 recommendations for user user1
2025-05-31 20:17:11,819 - recommendation_system_example - INFO - Recommendations for user1:
2025-05-31 20:17:11,819 - recommendation_system_example - INFO - Getting recommendations for user2
2025-05-31 20:17:11,819 - recommendation_system_example - INFO - Getting recommendations for user user2
2025-05-31 20:17:11,826 - recommendation_system_example - INFO - Found 5 recommendations for user user2
2025-05-31 20:17:11,826 - recommendation_system_example - INFO - Recommendations for user2:
2025-05-31 20:17:11,826 - recommendation_system_example - INFO - Getting similar items for item_1
2025-05-31 20:17:11,826 - recommendation_system_example - INFO - Getting similar items for item_1
2025-05-31 20:17:11,826 - recommendation_system_example - DEBUG - database.get(item_1) returned: {'ids': ['item_1'], 'embeddings': None, 'documents': ['Machine learning for beginners'], 'uris': None, 'included': ['metadatas', 'documents'], 'data': None, 'metadatas': [{'tags': 'AI, Education, Programming', 'category': 'Technology'}]}
2025-05-31 20:17:11,833 - recommendation_system_example - INFO - Similar items for item_1:
2025-05-31 20:17:11,833 - recommendation_system_example - INFO - Getting similar items for item_3
2025-05-31 20:17:11,833 - recommendation_system_example - INFO - Getting similar items for item_3
2025-05-31 20:17:11,833 - recommendation_system_example - DEBUG - database.get(item_3) returned: {'ids': ['item_3'], 'embeddings': None, 'documents': ['Introduction to quantum computing'], 'uris': None, 'included': ['metadatas', 'documents'], 'data': None, 'metadatas': [{'category': 'Science', 'tags': 'Physics, Computing, Research'}]}
2025-05-31 20:17:11,838 - recommendation_system_example - INFO - Similar items for item_3:
2025-05-31 20:17:11,838 - recommendation_system_example - INFO - Getting similar items for item_4
2025-05-31 20:17:11,838 - recommendation_system_example - INFO - Getting similar items for item_4
2025-05-31 20:17:11,839 - recommendation_system_example - DEBUG - database.get(item_4) returned: {'ids': ['item_4'], 'embeddings': None, 'documents': ['Sustainable energy solutions'], 'uris': None, 'included': ['metadatas', 'documents'], 'data': None, 'metadatas': [{'tags': 'Green Energy, Sustainability, Technology', 'category': 'Environment'}]}
2025-05-31 20:17:11,845 - recommendation_system_example - INFO - Similar items for item_4:
