2025-05-31 20:10:55,768 - caching_example - INFO - Starting caching example
2025-05-31 20:10:55,768 - caching_example - INFO - Creating sample data
2025-05-31 20:10:55,768 - caching_example - DEBUG - Created sample file: data/doc_0.json
2025-05-31 20:10:55,768 - caching_example - DEBUG - Created sample file: data/doc_1.json
2025-05-31 20:10:55,769 - caching_example - DEBUG - Created sample file: data/doc_2.json
2025-05-31 20:10:55,769 - caching_example - DEBUG - Created sample file: data/doc_3.json
2025-05-31 20:10:55,769 - caching_example - DEBUG - Created sample file: data/doc_4.json
2025-05-31 20:10:55,769 - caching_example - INFO - Loading documents
2025-05-31 20:10:55,769 - caching_example - DEBUG - Loaded document: data/doc_0.json
2025-05-31 20:10:55,769 - caching_example - DEBUG - Loaded document: data/doc_1.json
2025-05-31 20:10:55,769 - caching_example - DEBUG - Loaded document: data/doc_2.json
2025-05-31 20:10:55,769 - caching_example - DEBUG - Loaded document: data/doc_3.json
2025-05-31 20:10:55,769 - caching_example - DEBUG - Loaded document: data/doc_4.json
2025-05-31 20:10:57,989 - caching_example - INFO - Successfully added documents to database
2025-05-31 20:10:57,989 - caching_example - INFO - Initialized cache manager
2025-05-31 20:10:57,989 - caching_example - INFO - Initialized cached search
2025-05-31 20:10:57,989 - caching_example - INFO - 
==================================================
2025-05-31 20:10:57,989 - caching_example - INFO - Testing query: How is technology changing healthcare?
2025-05-31 20:10:57,989 - caching_example - INFO - ==================================================
2025-05-31 20:10:57,989 - caching_example - INFO - Processing search query: How is technology changing healthcare?
2025-05-31 20:10:57,992 - caching_example - DEBUG - Cache miss for query: How is technology changing healthcare?
2025-05-31 20:10:58,000 - caching_example - DEBUG - Cached results for query: How is technology changing healthcare?
2025-05-31 20:10:58,000 - caching_example - INFO - Search time: 0.0113 seconds
2025-05-31 20:10:58,000 - caching_example - INFO - Results: 5 documents found
2025-05-31 20:10:58,000 - caching_example - INFO - 
Cache statistics:
2025-05-31 20:10:58,000 - caching_example - INFO - - Hits: 0
2025-05-31 20:10:58,001 - caching_example - INFO - - Misses: 1
2025-05-31 20:10:58,001 - caching_example - INFO - - Hit rate: 0.00%
2025-05-31 20:10:58,001 - caching_example - INFO - 
==================================================
2025-05-31 20:10:58,001 - caching_example - INFO - Testing query: Latest developments in quantum computing
2025-05-31 20:10:58,001 - caching_example - INFO - ==================================================
2025-05-31 20:10:58,001 - caching_example - INFO - Processing search query: Latest developments in quantum computing
2025-05-31 20:10:58,001 - caching_example - DEBUG - Cache miss for query: Latest developments in quantum computing
2025-05-31 20:10:58,007 - caching_example - DEBUG - Cached results for query: Latest developments in quantum computing
2025-05-31 20:10:58,008 - caching_example - INFO - Search time: 0.0070 seconds
2025-05-31 20:10:58,008 - caching_example - INFO - Results: 5 documents found
2025-05-31 20:10:58,008 - caching_example - INFO - 
Cache statistics:
2025-05-31 20:10:58,008 - caching_example - INFO - - Hits: 0
2025-05-31 20:10:58,008 - caching_example - INFO - - Misses: 2
2025-05-31 20:10:58,008 - caching_example - INFO - - Hit rate: 0.00%
2025-05-31 20:10:58,008 - caching_example - INFO - 
==================================================
2025-05-31 20:10:58,008 - caching_example - INFO - Testing query: Environmental impact of climate change
2025-05-31 20:10:58,008 - caching_example - INFO - ==================================================
2025-05-31 20:10:58,008 - caching_example - INFO - Processing search query: Environmental impact of climate change
2025-05-31 20:10:58,008 - caching_example - DEBUG - Cache miss for query: Environmental impact of climate change
2025-05-31 20:10:58,015 - caching_example - DEBUG - Cached results for query: Environmental impact of climate change
2025-05-31 20:10:58,016 - caching_example - INFO - Search time: 0.0078 seconds
2025-05-31 20:10:58,016 - caching_example - INFO - Results: 5 documents found
2025-05-31 20:10:58,016 - caching_example - INFO - 
Cache statistics:
2025-05-31 20:10:58,016 - caching_example - INFO - - Hits: 0
2025-05-31 20:10:58,016 - caching_example - INFO - - Misses: 3
2025-05-31 20:10:58,016 - caching_example - INFO - - Hit rate: 0.00%
2025-05-31 20:10:58,016 - caching_example - INFO - 
==================================================
2025-05-31 20:10:58,016 - caching_example - INFO - Testing query: How is technology changing healthcare?
2025-05-31 20:10:58,016 - caching_example - INFO - ==================================================
2025-05-31 20:10:58,016 - caching_example - INFO - Processing search query: How is technology changing healthcare?
2025-05-31 20:10:58,016 - caching_example - DEBUG - Cache hit for query: How is technology changing healthcare?
2025-05-31 20:10:58,016 - caching_example - INFO - Returning cached results
2025-05-31 20:10:58,016 - caching_example - INFO - Search time: 0.0002 seconds
2025-05-31 20:10:58,016 - caching_example - INFO - Results: 5 documents found
2025-05-31 20:10:58,016 - caching_example - INFO - 
Cache statistics:
2025-05-31 20:10:58,016 - caching_example - INFO - - Hits: 1
2025-05-31 20:10:58,016 - caching_example - INFO - - Misses: 3
2025-05-31 20:10:58,016 - caching_example - INFO - - Hit rate: 25.00%
2025-05-31 20:10:58,016 - caching_example - INFO - 
==================================================
2025-05-31 20:10:58,016 - caching_example - INFO - Testing query: Latest developments in quantum computing
2025-05-31 20:10:58,016 - caching_example - INFO - ==================================================
2025-05-31 20:10:58,016 - caching_example - INFO - Processing search query: Latest developments in quantum computing
2025-05-31 20:10:58,016 - caching_example - DEBUG - Cache hit for query: Latest developments in quantum computing
2025-05-31 20:10:58,016 - caching_example - INFO - Returning cached results
2025-05-31 20:10:58,016 - caching_example - INFO - Search time: 0.0001 seconds
2025-05-31 20:10:58,016 - caching_example - INFO - Results: 5 documents found
2025-05-31 20:10:58,016 - caching_example - INFO - 
Cache statistics:
2025-05-31 20:10:58,016 - caching_example - INFO - - Hits: 2
2025-05-31 20:10:58,016 - caching_example - INFO - - Misses: 3
2025-05-31 20:10:58,016 - caching_example - INFO - - Hit rate: 40.00%
2025-05-31 20:10:58,016 - caching_example - INFO - 
Testing cache invalidation
2025-05-31 20:10:58,016 - caching_example - INFO - Invalidated 3 cache entries
2025-05-31 20:10:58,017 - caching_example - INFO - 
Final cache statistics:
2025-05-31 20:10:58,017 - caching_example - INFO - - Hits: 2
2025-05-31 20:10:58,017 - caching_example - INFO - - Misses: 3
2025-05-31 20:10:58,017 - caching_example - INFO - - Hit rate: 40.00%
2025-05-31 20:14:37,476 - caching_example - INFO - Starting caching example
2025-05-31 20:14:37,476 - caching_example - INFO - Creating sample data
2025-05-31 20:14:37,476 - caching_example - DEBUG - Created sample file: data/doc_0.json
2025-05-31 20:14:37,476 - caching_example - DEBUG - Created sample file: data/doc_1.json
2025-05-31 20:14:37,476 - caching_example - DEBUG - Created sample file: data/doc_2.json
2025-05-31 20:14:37,476 - caching_example - DEBUG - Created sample file: data/doc_3.json
2025-05-31 20:14:37,476 - caching_example - DEBUG - Created sample file: data/doc_4.json
2025-05-31 20:14:37,476 - caching_example - INFO - Loading documents
2025-05-31 20:14:37,476 - caching_example - DEBUG - Loaded document: data/doc_0.json
2025-05-31 20:14:37,476 - caching_example - DEBUG - Loaded document: data/doc_1.json
2025-05-31 20:14:37,477 - caching_example - DEBUG - Loaded document: data/doc_2.json
2025-05-31 20:14:37,477 - caching_example - DEBUG - Loaded document: data/doc_3.json
2025-05-31 20:14:37,477 - caching_example - DEBUG - Loaded document: data/doc_4.json
2025-05-31 20:14:39,669 - caching_example - INFO - Successfully added documents to database
2025-05-31 20:14:39,669 - caching_example - INFO - Initialized cache manager
2025-05-31 20:14:39,669 - caching_example - INFO - Initialized cached search
2025-05-31 20:14:39,669 - caching_example - INFO - 
==================================================
2025-05-31 20:14:39,669 - caching_example - INFO - Testing query: How is technology changing healthcare?
2025-05-31 20:14:39,669 - caching_example - INFO - ==================================================
2025-05-31 20:14:39,669 - caching_example - INFO - Processing search query: How is technology changing healthcare?
2025-05-31 20:14:39,671 - caching_example - DEBUG - Cache miss for query: How is technology changing healthcare?
2025-05-31 20:14:39,682 - caching_example - DEBUG - Cached results for query: How is technology changing healthcare?
2025-05-31 20:14:39,682 - caching_example - INFO - Search time: 0.0129 seconds
2025-05-31 20:14:39,682 - caching_example - INFO - Results: 5 documents found
2025-05-31 20:14:39,682 - caching_example - INFO - 
Cache statistics:
2025-05-31 20:14:39,682 - caching_example - INFO - - Hits: 0
2025-05-31 20:14:39,682 - caching_example - INFO - - Misses: 1
2025-05-31 20:14:39,682 - caching_example - INFO - - Hit rate: 0.00%
2025-05-31 20:14:39,682 - caching_example - INFO - 
==================================================
2025-05-31 20:14:39,682 - caching_example - INFO - Testing query: Latest developments in quantum computing
2025-05-31 20:14:39,682 - caching_example - INFO - ==================================================
2025-05-31 20:14:39,682 - caching_example - INFO - Processing search query: Latest developments in quantum computing
2025-05-31 20:14:39,682 - caching_example - DEBUG - Cache miss for query: Latest developments in quantum computing
2025-05-31 20:14:39,689 - caching_example - DEBUG - Cached results for query: Latest developments in quantum computing
2025-05-31 20:14:39,689 - caching_example - INFO - Search time: 0.0074 seconds
2025-05-31 20:14:39,689 - caching_example - INFO - Results: 5 documents found
2025-05-31 20:14:39,689 - caching_example - INFO - 
Cache statistics:
2025-05-31 20:14:39,689 - caching_example - INFO - - Hits: 0
2025-05-31 20:14:39,689 - caching_example - INFO - - Misses: 2
2025-05-31 20:14:39,689 - caching_example - INFO - - Hit rate: 0.00%
2025-05-31 20:14:39,689 - caching_example - INFO - 
==================================================
2025-05-31 20:14:39,689 - caching_example - INFO - Testing query: Environmental impact of climate change
2025-05-31 20:14:39,689 - caching_example - INFO - ==================================================
2025-05-31 20:14:39,690 - caching_example - INFO - Processing search query: Environmental impact of climate change
2025-05-31 20:14:39,690 - caching_example - DEBUG - Cache miss for query: Environmental impact of climate change
2025-05-31 20:14:39,696 - caching_example - DEBUG - Cached results for query: Environmental impact of climate change
2025-05-31 20:14:39,696 - caching_example - INFO - Search time: 0.0066 seconds
2025-05-31 20:14:39,696 - caching_example - INFO - Results: 5 documents found
2025-05-31 20:14:39,696 - caching_example - INFO - 
Cache statistics:
2025-05-31 20:14:39,696 - caching_example - INFO - - Hits: 0
2025-05-31 20:14:39,696 - caching_example - INFO - - Misses: 3
2025-05-31 20:14:39,696 - caching_example - INFO - - Hit rate: 0.00%
2025-05-31 20:14:39,696 - caching_example - INFO - 
==================================================
2025-05-31 20:14:39,696 - caching_example - INFO - Testing query: How is technology changing healthcare?
2025-05-31 20:14:39,696 - caching_example - INFO - ==================================================
2025-05-31 20:14:39,696 - caching_example - INFO - Processing search query: How is technology changing healthcare?
2025-05-31 20:14:39,696 - caching_example - DEBUG - Cache hit for query: How is technology changing healthcare?
2025-05-31 20:14:39,697 - caching_example - INFO - Returning cached results
2025-05-31 20:14:39,697 - caching_example - INFO - Search time: 0.0003 seconds
2025-05-31 20:14:39,697 - caching_example - INFO - Results: 5 documents found
2025-05-31 20:14:39,697 - caching_example - INFO - 
Cache statistics:
2025-05-31 20:14:39,697 - caching_example - INFO - - Hits: 1
2025-05-31 20:14:39,697 - caching_example - INFO - - Misses: 3
2025-05-31 20:14:39,697 - caching_example - INFO - - Hit rate: 25.00%
2025-05-31 20:14:39,697 - caching_example - INFO - 
==================================================
2025-05-31 20:14:39,697 - caching_example - INFO - Testing query: Latest developments in quantum computing
2025-05-31 20:14:39,697 - caching_example - INFO - ==================================================
2025-05-31 20:14:39,697 - caching_example - INFO - Processing search query: Latest developments in quantum computing
2025-05-31 20:14:39,697 - caching_example - DEBUG - Cache hit for query: Latest developments in quantum computing
2025-05-31 20:14:39,697 - caching_example - INFO - Returning cached results
2025-05-31 20:14:39,697 - caching_example - INFO - Search time: 0.0002 seconds
2025-05-31 20:14:39,697 - caching_example - INFO - Results: 5 documents found
2025-05-31 20:14:39,697 - caching_example - INFO - 
Cache statistics:
2025-05-31 20:14:39,697 - caching_example - INFO - - Hits: 2
2025-05-31 20:14:39,697 - caching_example - INFO - - Misses: 3
2025-05-31 20:14:39,697 - caching_example - INFO - - Hit rate: 40.00%
2025-05-31 20:14:39,697 - caching_example - INFO - 
Testing cache invalidation
2025-05-31 20:14:39,697 - caching_example - INFO - Invalidated 3 cache entries
2025-05-31 20:14:39,697 - caching_example - INFO - 
Final cache statistics:
2025-05-31 20:14:39,697 - caching_example - INFO - - Hits: 2
2025-05-31 20:14:39,697 - caching_example - INFO - - Misses: 3
2025-05-31 20:14:39,697 - caching_example - INFO - - Hit rate: 40.00%
2025-05-31 20:19:31,282 - caching_example - INFO - Starting caching example
2025-05-31 20:19:31,283 - caching_example - INFO - Creating sample data
2025-05-31 20:19:31,283 - caching_example - DEBUG - Created sample file: data/doc_0.json
2025-05-31 20:19:31,283 - caching_example - DEBUG - Created sample file: data/doc_1.json
2025-05-31 20:19:31,283 - caching_example - DEBUG - Created sample file: data/doc_2.json
2025-05-31 20:19:31,283 - caching_example - DEBUG - Created sample file: data/doc_3.json
2025-05-31 20:19:31,283 - caching_example - DEBUG - Created sample file: data/doc_4.json
2025-05-31 20:19:31,283 - caching_example - INFO - Loading documents
2025-05-31 20:19:31,283 - caching_example - DEBUG - Loaded document: data/doc_0.json
2025-05-31 20:19:31,284 - caching_example - DEBUG - Loaded document: data/doc_1.json
2025-05-31 20:19:31,284 - caching_example - DEBUG - Loaded document: data/doc_2.json
2025-05-31 20:19:31,284 - caching_example - DEBUG - Loaded document: data/doc_3.json
2025-05-31 20:19:31,284 - caching_example - DEBUG - Loaded document: data/doc_4.json
2025-05-31 20:19:33,848 - caching_example - INFO - Successfully added documents to database
2025-05-31 20:19:33,848 - caching_example - INFO - Initialized cache manager
2025-05-31 20:19:33,848 - caching_example - INFO - Initialized cached search
2025-05-31 20:19:33,848 - caching_example - INFO - 
==================================================
2025-05-31 20:19:33,848 - caching_example - INFO - Testing query: How is technology changing healthcare?
2025-05-31 20:19:33,848 - caching_example - INFO - ==================================================
2025-05-31 20:19:33,848 - caching_example - INFO - Processing search query: How is technology changing healthcare?
2025-05-31 20:19:33,851 - caching_example - DEBUG - Cache miss for query: How is technology changing healthcare?
2025-05-31 20:19:33,860 - caching_example - DEBUG - Cached results for query: How is technology changing healthcare?
2025-05-31 20:19:33,860 - caching_example - INFO - Search time: 0.0125 seconds
2025-05-31 20:19:33,860 - caching_example - INFO - Results: 5 documents found
2025-05-31 20:19:33,860 - caching_example - INFO - 
Cache statistics:
2025-05-31 20:19:33,861 - caching_example - INFO - - Hits: 0
2025-05-31 20:19:33,861 - caching_example - INFO - - Misses: 1
2025-05-31 20:19:33,861 - caching_example - INFO - - Hit rate: 0.00%
2025-05-31 20:19:33,861 - caching_example - INFO - 
==================================================
2025-05-31 20:19:33,861 - caching_example - INFO - Testing query: Latest developments in quantum computing
2025-05-31 20:19:33,861 - caching_example - INFO - ==================================================
2025-05-31 20:19:33,861 - caching_example - INFO - Processing search query: Latest developments in quantum computing
2025-05-31 20:19:33,861 - caching_example - DEBUG - Cache miss for query: Latest developments in quantum computing
2025-05-31 20:19:33,868 - caching_example - DEBUG - Cached results for query: Latest developments in quantum computing
2025-05-31 20:19:33,868 - caching_example - INFO - Search time: 0.0071 seconds
2025-05-31 20:19:33,868 - caching_example - INFO - Results: 5 documents found
2025-05-31 20:19:33,868 - caching_example - INFO - 
Cache statistics:
2025-05-31 20:19:33,868 - caching_example - INFO - - Hits: 0
2025-05-31 20:19:33,868 - caching_example - INFO - - Misses: 2
2025-05-31 20:19:33,868 - caching_example - INFO - - Hit rate: 0.00%
2025-05-31 20:19:33,868 - caching_example - INFO - 
==================================================
2025-05-31 20:19:33,868 - caching_example - INFO - Testing query: Environmental impact of climate change
2025-05-31 20:19:33,868 - caching_example - INFO - ==================================================
2025-05-31 20:19:33,868 - caching_example - INFO - Processing search query: Environmental impact of climate change
2025-05-31 20:19:33,868 - caching_example - DEBUG - Cache miss for query: Environmental impact of climate change
2025-05-31 20:19:33,876 - caching_example - DEBUG - Cached results for query: Environmental impact of climate change
2025-05-31 20:19:33,876 - caching_example - INFO - Search time: 0.0082 seconds
2025-05-31 20:19:33,876 - caching_example - INFO - Results: 5 documents found
2025-05-31 20:19:33,876 - caching_example - INFO - 
Cache statistics:
2025-05-31 20:19:33,876 - caching_example - INFO - - Hits: 0
2025-05-31 20:19:33,876 - caching_example - INFO - - Misses: 3
2025-05-31 20:19:33,876 - caching_example - INFO - - Hit rate: 0.00%
2025-05-31 20:19:33,876 - caching_example - INFO - 
==================================================
2025-05-31 20:19:33,876 - caching_example - INFO - Testing query: How is technology changing healthcare?
2025-05-31 20:19:33,876 - caching_example - INFO - ==================================================
2025-05-31 20:19:33,876 - caching_example - INFO - Processing search query: How is technology changing healthcare?
2025-05-31 20:19:33,876 - caching_example - DEBUG - Cache hit for query: How is technology changing healthcare?
2025-05-31 20:19:33,876 - caching_example - INFO - Returning cached results
2025-05-31 20:19:33,876 - caching_example - INFO - Search time: 0.0002 seconds
2025-05-31 20:19:33,876 - caching_example - INFO - Results: 5 documents found
2025-05-31 20:19:33,876 - caching_example - INFO - 
Cache statistics:
2025-05-31 20:19:33,876 - caching_example - INFO - - Hits: 1
2025-05-31 20:19:33,876 - caching_example - INFO - - Misses: 3
2025-05-31 20:19:33,876 - caching_example - INFO - - Hit rate: 25.00%
2025-05-31 20:19:33,876 - caching_example - INFO - 
==================================================
2025-05-31 20:19:33,876 - caching_example - INFO - Testing query: Latest developments in quantum computing
2025-05-31 20:19:33,876 - caching_example - INFO - ==================================================
2025-05-31 20:19:33,876 - caching_example - INFO - Processing search query: Latest developments in quantum computing
2025-05-31 20:19:33,876 - caching_example - DEBUG - Cache hit for query: Latest developments in quantum computing
2025-05-31 20:19:33,877 - caching_example - INFO - Returning cached results
2025-05-31 20:19:33,877 - caching_example - INFO - Search time: 0.0001 seconds
2025-05-31 20:19:33,877 - caching_example - INFO - Results: 5 documents found
2025-05-31 20:19:33,877 - caching_example - INFO - 
Cache statistics:
2025-05-31 20:19:33,877 - caching_example - INFO - - Hits: 2
2025-05-31 20:19:33,877 - caching_example - INFO - - Misses: 3
2025-05-31 20:19:33,877 - caching_example - INFO - - Hit rate: 40.00%
2025-05-31 20:19:33,877 - caching_example - INFO - 
Testing cache invalidation
2025-05-31 20:19:33,877 - caching_example - INFO - Invalidated 3 cache entries
2025-05-31 20:19:33,877 - caching_example - INFO - 
Final cache statistics:
2025-05-31 20:19:33,877 - caching_example - INFO - - Hits: 2
2025-05-31 20:19:33,877 - caching_example - INFO - - Misses: 3
2025-05-31 20:19:33,877 - caching_example - INFO - - Hit rate: 40.00%
