2025-05-31 20:06:48,481 - content_moderation_example - INFO - Starting content moderation example
2025-05-31 20:06:48,481 - content_moderation_example - INFO - Creating sample data
2025-05-31 20:06:48,481 - content_moderation_example - DEBUG - Created pattern file: data/pattern_hate speech.json
2025-05-31 20:06:48,481 - content_moderation_example - DEBUG - Created pattern file: data/pattern_harassment.json
2025-05-31 20:06:48,481 - content_moderation_example - DEBUG - Created pattern file: data/pattern_inappropriate.json
2025-05-31 20:06:48,481 - content_moderation_example - DEBUG - Created pattern file: data/pattern_spam.json
2025-05-31 20:06:48,481 - content_moderation_example - INFO - Loading toxic patterns
2025-05-31 20:06:48,482 - content_moderation_example - DEBUG - Loaded pattern: data/pattern_hate speech.json
2025-05-31 20:06:48,482 - content_moderation_example - DEBUG - Loaded pattern: data/pattern_harassment.json
2025-05-31 20:06:48,482 - content_moderation_example - DEBUG - Loaded pattern: data/pattern_inappropriate.json
2025-05-31 20:06:48,482 - content_moderation_example - DEBUG - Loaded pattern: data/pattern_spam.json
2025-05-31 20:06:50,964 - content_moderation_example - INFO - Successfully added patterns to database
2025-05-31 20:06:50,964 - content_moderation_example - INFO - Initialized content moderator
2025-05-31 20:06:50,964 - content_moderation_example - DEBUG - Added toxic pattern: hate speech example (Hate Speech)
2025-05-31 20:06:50,964 - content_moderation_example - DEBUG - Added toxic pattern: harassment example (Harassment)
2025-05-31 20:06:50,964 - content_moderation_example - DEBUG - Added toxic pattern: inappropriate content (Inappropriate)
2025-05-31 20:06:50,965 - content_moderation_example - DEBUG - Added toxic pattern: spam content (Spam)
2025-05-31 20:06:50,965 - content_moderation_example - DEBUG - Added moderation rule for Hate Speech
2025-05-31 20:06:50,965 - content_moderation_example - DEBUG - Added moderation rule for Harassment
2025-05-31 20:06:50,965 - content_moderation_example - DEBUG - Added moderation rule for Inappropriate
2025-05-31 20:06:50,965 - content_moderation_example - DEBUG - Added moderation rule for Spam
2025-05-31 20:06:50,965 - content_moderation_example - INFO - 
==================================================
2025-05-31 20:06:50,965 - content_moderation_example - INFO - Testing Hate speech detection
2025-05-31 20:06:50,965 - content_moderation_example - INFO - ==================================================
2025-05-31 20:06:50,965 - content_moderation_example - INFO - Checking content for moderation
2025-05-31 20:06:50,974 - content_moderation_example - INFO - Content: This message contains hate speech example targeting minorities
2025-05-31 20:06:50,974 - content_moderation_example - INFO - Is toxic: True
2025-05-31 20:06:50,974 - content_moderation_example - INFO - Moderation details:
2025-05-31 20:06:50,974 - content_moderation_example - INFO - - Categories found: Spam, Inappropriate, Harassment
2025-05-31 20:06:50,974 - content_moderation_example - INFO - - Maximum severity: 0.80
2025-05-31 20:06:50,974 - content_moderation_example - INFO - - Actions required: filter, review, flag
2025-05-31 20:06:50,974 - content_moderation_example - INFO - 
Pattern matches:
2025-05-31 20:06:50,974 - content_moderation_example - INFO - - Pattern: harassment example
2025-05-31 20:06:50,974 - content_moderation_example - INFO -   Category: Harassment
2025-05-31 20:06:50,974 - content_moderation_example - INFO -   Severity: 0.80
2025-05-31 20:06:50,974 - content_moderation_example - INFO -   Similarity: 1.19
2025-05-31 20:06:50,974 - content_moderation_example - INFO - - Pattern: inappropriate content
2025-05-31 20:06:50,974 - content_moderation_example - INFO -   Category: Inappropriate
2025-05-31 20:06:50,974 - content_moderation_example - INFO -   Severity: 0.70
2025-05-31 20:06:50,974 - content_moderation_example - INFO -   Similarity: 1.24
2025-05-31 20:06:50,974 - content_moderation_example - INFO - - Pattern: spam content
2025-05-31 20:06:50,974 - content_moderation_example - INFO -   Category: Spam
2025-05-31 20:06:50,974 - content_moderation_example - INFO -   Severity: 0.60
2025-05-31 20:06:50,974 - content_moderation_example - INFO -   Similarity: 1.37
2025-05-31 20:06:50,974 - content_moderation_example - INFO - Filtering content
2025-05-31 20:06:50,974 - content_moderation_example - INFO - Checking content for moderation
2025-05-31 20:06:50,980 - content_moderation_example - INFO - 
Filtered content: This message contains hate speech example targeting minorities
2025-05-31 20:06:50,980 - content_moderation_example - INFO - 
==================================================
2025-05-31 20:06:50,980 - content_moderation_example - INFO - Testing Harassment detection
2025-05-31 20:06:50,980 - content_moderation_example - INFO - ==================================================
2025-05-31 20:06:50,980 - content_moderation_example - INFO - Checking content for moderation
2025-05-31 20:06:50,986 - content_moderation_example - INFO - Content: You are worthless and this is a harassment example
2025-05-31 20:06:50,986 - content_moderation_example - INFO - Is toxic: True
2025-05-31 20:06:50,986 - content_moderation_example - INFO - Moderation details:
2025-05-31 20:06:50,986 - content_moderation_example - INFO - - Categories found: Spam, Inappropriate, Hate Speech
2025-05-31 20:06:50,986 - content_moderation_example - INFO - - Maximum severity: 0.90
2025-05-31 20:06:50,986 - content_moderation_example - INFO - - Actions required: filter, review, block
2025-05-31 20:06:50,986 - content_moderation_example - INFO - 
Pattern matches:
2025-05-31 20:06:50,986 - content_moderation_example - INFO - - Pattern: hate speech example
2025-05-31 20:06:50,986 - content_moderation_example - INFO -   Category: Hate Speech
2025-05-31 20:06:50,986 - content_moderation_example - INFO -   Severity: 0.90
2025-05-31 20:06:50,986 - content_moderation_example - INFO -   Similarity: 1.20
2025-05-31 20:06:50,986 - content_moderation_example - INFO - - Pattern: inappropriate content
2025-05-31 20:06:50,986 - content_moderation_example - INFO -   Category: Inappropriate
2025-05-31 20:06:50,987 - content_moderation_example - INFO -   Severity: 0.70
2025-05-31 20:06:50,987 - content_moderation_example - INFO -   Similarity: 1.52
2025-05-31 20:06:50,987 - content_moderation_example - INFO - - Pattern: spam content
2025-05-31 20:06:50,987 - content_moderation_example - INFO -   Category: Spam
2025-05-31 20:06:50,987 - content_moderation_example - INFO -   Severity: 0.60
2025-05-31 20:06:50,987 - content_moderation_example - INFO -   Similarity: 1.53
2025-05-31 20:06:50,987 - content_moderation_example - INFO - Filtering content
2025-05-31 20:06:50,987 - content_moderation_example - INFO - Checking content for moderation
2025-05-31 20:06:50,994 - content_moderation_example - INFO - 
Filtered content: You are worthless and this is a harassment example
2025-05-31 20:06:50,994 - content_moderation_example - INFO - 
==================================================
2025-05-31 20:06:50,994 - content_moderation_example - INFO - Testing Inappropriate content
2025-05-31 20:06:50,994 - content_moderation_example - INFO - ==================================================
2025-05-31 20:06:50,994 - content_moderation_example - INFO - Checking content for moderation
2025-05-31 20:06:51,001 - content_moderation_example - INFO - Content: This post contains inappropriate content and should be reviewed
2025-05-31 20:06:51,001 - content_moderation_example - INFO - Is toxic: True
2025-05-31 20:06:51,001 - content_moderation_example - INFO - Moderation details:
2025-05-31 20:06:51,001 - content_moderation_example - INFO - - Categories found: Spam, Hate Speech, Harassment
2025-05-31 20:06:51,001 - content_moderation_example - INFO - - Maximum severity: 0.90
2025-05-31 20:06:51,001 - content_moderation_example - INFO - - Actions required: filter, block, flag
2025-05-31 20:06:51,001 - content_moderation_example - INFO - 
Pattern matches:
2025-05-31 20:06:51,001 - content_moderation_example - INFO - - Pattern: spam content
2025-05-31 20:06:51,001 - content_moderation_example - INFO -   Category: Spam
2025-05-31 20:06:51,001 - content_moderation_example - INFO -   Severity: 0.60
2025-05-31 20:06:51,001 - content_moderation_example - INFO -   Similarity: 1.05
2025-05-31 20:06:51,001 - content_moderation_example - INFO - - Pattern: hate speech example
2025-05-31 20:06:51,001 - content_moderation_example - INFO -   Category: Hate Speech
2025-05-31 20:06:51,001 - content_moderation_example - INFO -   Severity: 0.90
2025-05-31 20:06:51,001 - content_moderation_example - INFO -   Similarity: 1.54
2025-05-31 20:06:51,001 - content_moderation_example - INFO - - Pattern: harassment example
2025-05-31 20:06:51,001 - content_moderation_example - INFO -   Category: Harassment
2025-05-31 20:06:51,001 - content_moderation_example - INFO -   Severity: 0.80
2025-05-31 20:06:51,001 - content_moderation_example - INFO -   Similarity: 1.59
2025-05-31 20:06:51,001 - content_moderation_example - INFO - Filtering content
2025-05-31 20:06:51,001 - content_moderation_example - INFO - Checking content for moderation
2025-05-31 20:06:51,009 - content_moderation_example - INFO - 
Filtered content: This post contains inappropriate content and should be reviewed
2025-05-31 20:06:51,009 - content_moderation_example - INFO - 
==================================================
2025-05-31 20:06:51,009 - content_moderation_example - INFO - Testing Spam detection
2025-05-31 20:06:51,009 - content_moderation_example - INFO - ==================================================
2025-05-31 20:06:51,009 - content_moderation_example - INFO - Checking content for moderation
2025-05-31 20:06:51,017 - content_moderation_example - INFO - Content: Buy now! Limited time offer! This is spam content!
2025-05-31 20:06:51,017 - content_moderation_example - INFO - Is toxic: True
2025-05-31 20:06:51,017 - content_moderation_example - INFO - Moderation details:
2025-05-31 20:06:51,017 - content_moderation_example - INFO - - Categories found: Spam, Inappropriate, Hate Speech, Harassment
2025-05-31 20:06:51,017 - content_moderation_example - INFO - - Maximum severity: 0.90
2025-05-31 20:06:51,017 - content_moderation_example - INFO - - Actions required: filter, review, block, flag
2025-05-31 20:06:51,017 - content_moderation_example - INFO - 
Pattern matches:
2025-05-31 20:06:51,017 - content_moderation_example - INFO - - Pattern: spam content
2025-05-31 20:06:51,017 - content_moderation_example - INFO -   Category: Spam
2025-05-31 20:06:51,017 - content_moderation_example - INFO -   Severity: 0.60
2025-05-31 20:06:51,017 - content_moderation_example - INFO -   Similarity: 1.04
2025-05-31 20:06:51,017 - content_moderation_example - INFO - - Pattern: inappropriate content
2025-05-31 20:06:51,017 - content_moderation_example - INFO -   Category: Inappropriate
2025-05-31 20:06:51,017 - content_moderation_example - INFO -   Severity: 0.70
2025-05-31 20:06:51,017 - content_moderation_example - INFO -   Similarity: 1.60
2025-05-31 20:06:51,017 - content_moderation_example - INFO - - Pattern: hate speech example
2025-05-31 20:06:51,017 - content_moderation_example - INFO -   Category: Hate Speech
2025-05-31 20:06:51,017 - content_moderation_example - INFO -   Severity: 0.90
2025-05-31 20:06:51,017 - content_moderation_example - INFO -   Similarity: 1.87
2025-05-31 20:06:51,017 - content_moderation_example - INFO - - Pattern: harassment example
2025-05-31 20:06:51,017 - content_moderation_example - INFO -   Category: Harassment
2025-05-31 20:06:51,017 - content_moderation_example - INFO -   Severity: 0.80
2025-05-31 20:06:51,017 - content_moderation_example - INFO -   Similarity: 1.94
2025-05-31 20:06:51,017 - content_moderation_example - INFO - Filtering content
2025-05-31 20:06:51,017 - content_moderation_example - INFO - Checking content for moderation
2025-05-31 20:06:51,024 - content_moderation_example - INFO - 
Filtered content: Buy now! Limited time offer! This is [REDACTED]!
2025-05-31 20:06:51,024 - content_moderation_example - INFO - 
==================================================
2025-05-31 20:06:51,024 - content_moderation_example - INFO - Testing Clean content
2025-05-31 20:06:51,024 - content_moderation_example - INFO - ==================================================
2025-05-31 20:06:51,024 - content_moderation_example - INFO - Checking content for moderation
2025-05-31 20:06:51,031 - content_moderation_example - INFO - Content: This is a normal message without any issues
2025-05-31 20:06:51,031 - content_moderation_example - INFO - Is toxic: True
2025-05-31 20:06:51,031 - content_moderation_example - INFO - Moderation details:
2025-05-31 20:06:51,031 - content_moderation_example - INFO - - Categories found: Spam, Inappropriate, Harassment, Hate Speech
2025-05-31 20:06:51,031 - content_moderation_example - INFO - - Maximum severity: 0.90
2025-05-31 20:06:51,031 - content_moderation_example - INFO - - Actions required: filter, review, flag, block
2025-05-31 20:06:51,031 - content_moderation_example - INFO - 
Pattern matches:
2025-05-31 20:06:51,031 - content_moderation_example - INFO - - Pattern: inappropriate content
2025-05-31 20:06:51,031 - content_moderation_example - INFO -   Category: Inappropriate
2025-05-31 20:06:51,031 - content_moderation_example - INFO -   Severity: 0.70
2025-05-31 20:06:51,031 - content_moderation_example - INFO -   Similarity: 1.37
2025-05-31 20:06:51,031 - content_moderation_example - INFO - - Pattern: spam content
2025-05-31 20:06:51,031 - content_moderation_example - INFO -   Category: Spam
2025-05-31 20:06:51,031 - content_moderation_example - INFO -   Severity: 0.60
2025-05-31 20:06:51,031 - content_moderation_example - INFO -   Similarity: 1.55
2025-05-31 20:06:51,031 - content_moderation_example - INFO - - Pattern: harassment example
2025-05-31 20:06:51,031 - content_moderation_example - INFO -   Category: Harassment
2025-05-31 20:06:51,031 - content_moderation_example - INFO -   Severity: 0.80
2025-05-31 20:06:51,031 - content_moderation_example - INFO -   Similarity: 1.72
2025-05-31 20:06:51,031 - content_moderation_example - INFO - - Pattern: hate speech example
2025-05-31 20:06:51,031 - content_moderation_example - INFO -   Category: Hate Speech
2025-05-31 20:06:51,031 - content_moderation_example - INFO -   Severity: 0.90
2025-05-31 20:06:51,031 - content_moderation_example - INFO -   Similarity: 1.78
2025-05-31 20:06:51,031 - content_moderation_example - INFO - Filtering content
2025-05-31 20:06:51,031 - content_moderation_example - INFO - Checking content for moderation
2025-05-31 20:06:51,038 - content_moderation_example - INFO - 
Filtered content: This is a normal message without any issues
2025-05-31 20:07:10,920 - content_moderation_example - INFO - Starting content moderation example
2025-05-31 20:07:10,920 - content_moderation_example - INFO - Creating sample data
2025-05-31 20:07:10,920 - content_moderation_example - DEBUG - Created pattern file: data/pattern_hate speech.json
2025-05-31 20:07:10,920 - content_moderation_example - DEBUG - Created pattern file: data/pattern_harassment.json
2025-05-31 20:07:10,921 - content_moderation_example - DEBUG - Created pattern file: data/pattern_inappropriate.json
2025-05-31 20:07:10,921 - content_moderation_example - DEBUG - Created pattern file: data/pattern_spam.json
2025-05-31 20:07:10,921 - content_moderation_example - INFO - Loading toxic patterns
2025-05-31 20:07:10,921 - content_moderation_example - DEBUG - Loaded pattern: data/pattern_hate speech.json
2025-05-31 20:07:10,921 - content_moderation_example - DEBUG - Loaded pattern: data/pattern_harassment.json
2025-05-31 20:07:10,921 - content_moderation_example - DEBUG - Loaded pattern: data/pattern_inappropriate.json
2025-05-31 20:07:10,921 - content_moderation_example - DEBUG - Loaded pattern: data/pattern_spam.json
2025-05-31 20:07:13,505 - content_moderation_example - INFO - Successfully added patterns to database
2025-05-31 20:07:13,505 - content_moderation_example - INFO - Initialized content moderator
2025-05-31 20:07:13,505 - content_moderation_example - DEBUG - Added toxic pattern: hate speech example (Hate Speech)
2025-05-31 20:07:13,505 - content_moderation_example - DEBUG - Added toxic pattern: harassment example (Harassment)
2025-05-31 20:07:13,505 - content_moderation_example - DEBUG - Added toxic pattern: inappropriate content (Inappropriate)
2025-05-31 20:07:13,505 - content_moderation_example - DEBUG - Added toxic pattern: spam content (Spam)
2025-05-31 20:07:13,505 - content_moderation_example - DEBUG - Added moderation rule for Hate Speech
2025-05-31 20:07:13,505 - content_moderation_example - DEBUG - Added moderation rule for Harassment
2025-05-31 20:07:13,505 - content_moderation_example - DEBUG - Added moderation rule for Inappropriate
2025-05-31 20:07:13,505 - content_moderation_example - DEBUG - Added moderation rule for Spam
2025-05-31 20:07:13,505 - content_moderation_example - INFO - 
==================================================
2025-05-31 20:07:13,505 - content_moderation_example - INFO - Testing Hate speech detection
2025-05-31 20:07:13,505 - content_moderation_example - INFO - ==================================================
2025-05-31 20:07:13,505 - content_moderation_example - INFO - Checking content for moderation
2025-05-31 20:07:13,515 - content_moderation_example - INFO - Content: This message contains hate speech example targeting minorities
2025-05-31 20:07:13,515 - content_moderation_example - INFO - Is toxic: True
2025-05-31 20:07:13,515 - content_moderation_example - INFO - Moderation details:
2025-05-31 20:07:13,515 - content_moderation_example - INFO - - Categories found: Harassment, Inappropriate, Spam
2025-05-31 20:07:13,515 - content_moderation_example - INFO - - Maximum severity: 0.80
2025-05-31 20:07:13,515 - content_moderation_example - INFO - - Actions required: flag, review, filter
2025-05-31 20:07:13,515 - content_moderation_example - INFO - 
Pattern matches:
2025-05-31 20:07:13,515 - content_moderation_example - INFO - - Pattern: harassment example
2025-05-31 20:07:13,515 - content_moderation_example - INFO -   Category: Harassment
2025-05-31 20:07:13,515 - content_moderation_example - INFO -   Severity: 0.80
2025-05-31 20:07:13,515 - content_moderation_example - INFO -   Similarity: 1.19
2025-05-31 20:07:13,515 - content_moderation_example - INFO - - Pattern: inappropriate content
2025-05-31 20:07:13,515 - content_moderation_example - INFO -   Category: Inappropriate
2025-05-31 20:07:13,515 - content_moderation_example - INFO -   Severity: 0.70
2025-05-31 20:07:13,515 - content_moderation_example - INFO -   Similarity: 1.24
2025-05-31 20:07:13,515 - content_moderation_example - INFO - - Pattern: spam content
2025-05-31 20:07:13,515 - content_moderation_example - INFO -   Category: Spam
2025-05-31 20:07:13,515 - content_moderation_example - INFO -   Severity: 0.60
2025-05-31 20:07:13,515 - content_moderation_example - INFO -   Similarity: 1.37
2025-05-31 20:07:13,515 - content_moderation_example - INFO - Filtering content
2025-05-31 20:07:13,515 - content_moderation_example - INFO - Checking content for moderation
2025-05-31 20:07:13,521 - content_moderation_example - INFO - 
Filtered content: This message contains hate speech example targeting minorities
2025-05-31 20:07:13,521 - content_moderation_example - INFO - 
==================================================
2025-05-31 20:07:13,521 - content_moderation_example - INFO - Testing Harassment detection
2025-05-31 20:07:13,521 - content_moderation_example - INFO - ==================================================
2025-05-31 20:07:13,521 - content_moderation_example - INFO - Checking content for moderation
2025-05-31 20:07:13,529 - content_moderation_example - INFO - Content: You are worthless and this is a harassment example
2025-05-31 20:07:13,529 - content_moderation_example - INFO - Is toxic: True
2025-05-31 20:07:13,529 - content_moderation_example - INFO - Moderation details:
2025-05-31 20:07:13,529 - content_moderation_example - INFO - - Categories found: Inappropriate, Spam, Hate Speech
2025-05-31 20:07:13,529 - content_moderation_example - INFO - - Maximum severity: 0.90
2025-05-31 20:07:13,529 - content_moderation_example - INFO - - Actions required: review, filter, block
2025-05-31 20:07:13,529 - content_moderation_example - INFO - 
Pattern matches:
2025-05-31 20:07:13,529 - content_moderation_example - INFO - - Pattern: hate speech example
2025-05-31 20:07:13,529 - content_moderation_example - INFO -   Category: Hate Speech
2025-05-31 20:07:13,529 - content_moderation_example - INFO -   Severity: 0.90
2025-05-31 20:07:13,529 - content_moderation_example - INFO -   Similarity: 1.20
2025-05-31 20:07:13,529 - content_moderation_example - INFO - - Pattern: inappropriate content
2025-05-31 20:07:13,529 - content_moderation_example - INFO -   Category: Inappropriate
2025-05-31 20:07:13,529 - content_moderation_example - INFO -   Severity: 0.70
2025-05-31 20:07:13,529 - content_moderation_example - INFO -   Similarity: 1.52
2025-05-31 20:07:13,529 - content_moderation_example - INFO - - Pattern: spam content
2025-05-31 20:07:13,529 - content_moderation_example - INFO -   Category: Spam
2025-05-31 20:07:13,529 - content_moderation_example - INFO -   Severity: 0.60
2025-05-31 20:07:13,529 - content_moderation_example - INFO -   Similarity: 1.53
2025-05-31 20:07:13,529 - content_moderation_example - INFO - Filtering content
2025-05-31 20:07:13,529 - content_moderation_example - INFO - Checking content for moderation
2025-05-31 20:07:13,541 - content_moderation_example - INFO - 
Filtered content: You are worthless and this is a harassment example
2025-05-31 20:07:13,541 - content_moderation_example - INFO - 
==================================================
2025-05-31 20:07:13,541 - content_moderation_example - INFO - Testing Inappropriate content
2025-05-31 20:07:13,541 - content_moderation_example - INFO - ==================================================
2025-05-31 20:07:13,541 - content_moderation_example - INFO - Checking content for moderation
2025-05-31 20:07:13,548 - content_moderation_example - INFO - Content: This post contains inappropriate content and should be reviewed
2025-05-31 20:07:13,548 - content_moderation_example - INFO - Is toxic: True
2025-05-31 20:07:13,548 - content_moderation_example - INFO - Moderation details:
2025-05-31 20:07:13,548 - content_moderation_example - INFO - - Categories found: Harassment, Spam, Hate Speech
2025-05-31 20:07:13,548 - content_moderation_example - INFO - - Maximum severity: 0.90
2025-05-31 20:07:13,548 - content_moderation_example - INFO - - Actions required: flag, filter, block
2025-05-31 20:07:13,548 - content_moderation_example - INFO - 
Pattern matches:
2025-05-31 20:07:13,548 - content_moderation_example - INFO - - Pattern: spam content
2025-05-31 20:07:13,548 - content_moderation_example - INFO -   Category: Spam
2025-05-31 20:07:13,548 - content_moderation_example - INFO -   Severity: 0.60
2025-05-31 20:07:13,548 - content_moderation_example - INFO -   Similarity: 1.05
2025-05-31 20:07:13,548 - content_moderation_example - INFO - - Pattern: hate speech example
2025-05-31 20:07:13,548 - content_moderation_example - INFO -   Category: Hate Speech
2025-05-31 20:07:13,548 - content_moderation_example - INFO -   Severity: 0.90
2025-05-31 20:07:13,548 - content_moderation_example - INFO -   Similarity: 1.54
2025-05-31 20:07:13,548 - content_moderation_example - INFO - - Pattern: harassment example
2025-05-31 20:07:13,548 - content_moderation_example - INFO -   Category: Harassment
2025-05-31 20:07:13,548 - content_moderation_example - INFO -   Severity: 0.80
2025-05-31 20:07:13,548 - content_moderation_example - INFO -   Similarity: 1.59
2025-05-31 20:07:13,548 - content_moderation_example - INFO - Filtering content
2025-05-31 20:07:13,548 - content_moderation_example - INFO - Checking content for moderation
2025-05-31 20:07:13,554 - content_moderation_example - INFO - 
Filtered content: This post contains inappropriate content and should be reviewed
2025-05-31 20:07:13,554 - content_moderation_example - INFO - 
==================================================
2025-05-31 20:07:13,554 - content_moderation_example - INFO - Testing Spam detection
2025-05-31 20:07:13,554 - content_moderation_example - INFO - ==================================================
2025-05-31 20:07:13,554 - content_moderation_example - INFO - Checking content for moderation
2025-05-31 20:07:13,562 - content_moderation_example - INFO - Content: Buy now! Limited time offer! This is spam content!
2025-05-31 20:07:13,562 - content_moderation_example - INFO - Is toxic: True
2025-05-31 20:07:13,562 - content_moderation_example - INFO - Moderation details:
2025-05-31 20:07:13,562 - content_moderation_example - INFO - - Categories found: Harassment, Spam, Hate Speech, Inappropriate
2025-05-31 20:07:13,562 - content_moderation_example - INFO - - Maximum severity: 0.90
2025-05-31 20:07:13,562 - content_moderation_example - INFO - - Actions required: flag, filter, block, review
2025-05-31 20:07:13,562 - content_moderation_example - INFO - 
Pattern matches:
2025-05-31 20:07:13,562 - content_moderation_example - INFO - - Pattern: spam content
2025-05-31 20:07:13,562 - content_moderation_example - INFO -   Category: Spam
2025-05-31 20:07:13,562 - content_moderation_example - INFO -   Severity: 0.60
2025-05-31 20:07:13,562 - content_moderation_example - INFO -   Similarity: 1.04
2025-05-31 20:07:13,562 - content_moderation_example - INFO - - Pattern: inappropriate content
2025-05-31 20:07:13,562 - content_moderation_example - INFO -   Category: Inappropriate
2025-05-31 20:07:13,562 - content_moderation_example - INFO -   Severity: 0.70
2025-05-31 20:07:13,562 - content_moderation_example - INFO -   Similarity: 1.60
2025-05-31 20:07:13,562 - content_moderation_example - INFO - - Pattern: hate speech example
2025-05-31 20:07:13,562 - content_moderation_example - INFO -   Category: Hate Speech
2025-05-31 20:07:13,562 - content_moderation_example - INFO -   Severity: 0.90
2025-05-31 20:07:13,562 - content_moderation_example - INFO -   Similarity: 1.87
2025-05-31 20:07:13,562 - content_moderation_example - INFO - - Pattern: harassment example
2025-05-31 20:07:13,562 - content_moderation_example - INFO -   Category: Harassment
2025-05-31 20:07:13,562 - content_moderation_example - INFO -   Severity: 0.80
2025-05-31 20:07:13,562 - content_moderation_example - INFO -   Similarity: 1.94
2025-05-31 20:07:13,562 - content_moderation_example - INFO - Filtering content
2025-05-31 20:07:13,562 - content_moderation_example - INFO - Checking content for moderation
2025-05-31 20:07:13,572 - content_moderation_example - INFO - 
Filtered content: Buy now! Limited time offer! This is [REDACTED]!
2025-05-31 20:07:13,572 - content_moderation_example - INFO - 
==================================================
2025-05-31 20:07:13,572 - content_moderation_example - INFO - Testing Clean content
2025-05-31 20:07:13,572 - content_moderation_example - INFO - ==================================================
2025-05-31 20:07:13,572 - content_moderation_example - INFO - Checking content for moderation
2025-05-31 20:07:13,579 - content_moderation_example - INFO - Content: This is a normal message without any issues
2025-05-31 20:07:13,579 - content_moderation_example - INFO - Is toxic: True
2025-05-31 20:07:13,579 - content_moderation_example - INFO - Moderation details:
2025-05-31 20:07:13,579 - content_moderation_example - INFO - - Categories found: Harassment, Inappropriate, Spam, Hate Speech
2025-05-31 20:07:13,579 - content_moderation_example - INFO - - Maximum severity: 0.90
2025-05-31 20:07:13,579 - content_moderation_example - INFO - - Actions required: flag, review, filter, block
2025-05-31 20:07:13,579 - content_moderation_example - INFO - 
Pattern matches:
2025-05-31 20:07:13,579 - content_moderation_example - INFO - - Pattern: inappropriate content
2025-05-31 20:07:13,579 - content_moderation_example - INFO -   Category: Inappropriate
2025-05-31 20:07:13,579 - content_moderation_example - INFO -   Severity: 0.70
2025-05-31 20:07:13,579 - content_moderation_example - INFO -   Similarity: 1.37
2025-05-31 20:07:13,579 - content_moderation_example - INFO - - Pattern: spam content
2025-05-31 20:07:13,579 - content_moderation_example - INFO -   Category: Spam
2025-05-31 20:07:13,579 - content_moderation_example - INFO -   Severity: 0.60
2025-05-31 20:07:13,579 - content_moderation_example - INFO -   Similarity: 1.55
2025-05-31 20:07:13,579 - content_moderation_example - INFO - - Pattern: harassment example
2025-05-31 20:07:13,579 - content_moderation_example - INFO -   Category: Harassment
2025-05-31 20:07:13,579 - content_moderation_example - INFO -   Severity: 0.80
2025-05-31 20:07:13,579 - content_moderation_example - INFO -   Similarity: 1.72
2025-05-31 20:07:13,579 - content_moderation_example - INFO - - Pattern: hate speech example
2025-05-31 20:07:13,579 - content_moderation_example - INFO -   Category: Hate Speech
2025-05-31 20:07:13,579 - content_moderation_example - INFO -   Severity: 0.90
2025-05-31 20:07:13,579 - content_moderation_example - INFO -   Similarity: 1.78
2025-05-31 20:07:13,579 - content_moderation_example - INFO - Filtering content
2025-05-31 20:07:13,579 - content_moderation_example - INFO - Checking content for moderation
2025-05-31 20:07:13,585 - content_moderation_example - INFO - 
Filtered content: This is a normal message without any issues
2025-05-31 20:14:28,072 - content_moderation_example - INFO - Starting content moderation example
2025-05-31 20:14:28,072 - content_moderation_example - INFO - Creating sample data
2025-05-31 20:14:28,072 - content_moderation_example - DEBUG - Created pattern file: data/pattern_hate speech.json
2025-05-31 20:14:28,072 - content_moderation_example - DEBUG - Created pattern file: data/pattern_harassment.json
2025-05-31 20:14:28,072 - content_moderation_example - DEBUG - Created pattern file: data/pattern_inappropriate.json
2025-05-31 20:14:28,073 - content_moderation_example - DEBUG - Created pattern file: data/pattern_spam.json
2025-05-31 20:14:28,073 - content_moderation_example - INFO - Loading toxic patterns
2025-05-31 20:14:28,073 - content_moderation_example - DEBUG - Loaded pattern: data/pattern_hate speech.json
2025-05-31 20:14:28,073 - content_moderation_example - DEBUG - Loaded pattern: data/pattern_harassment.json
2025-05-31 20:14:28,073 - content_moderation_example - DEBUG - Loaded pattern: data/pattern_inappropriate.json
2025-05-31 20:14:28,073 - content_moderation_example - DEBUG - Loaded pattern: data/pattern_spam.json
2025-05-31 20:14:30,744 - content_moderation_example - INFO - Successfully added patterns to database
2025-05-31 20:14:30,744 - content_moderation_example - INFO - Initialized content moderator
2025-05-31 20:14:30,744 - content_moderation_example - DEBUG - Added toxic pattern: hate speech example (Hate Speech)
2025-05-31 20:14:30,744 - content_moderation_example - DEBUG - Added toxic pattern: harassment example (Harassment)
2025-05-31 20:14:30,744 - content_moderation_example - DEBUG - Added toxic pattern: inappropriate content (Inappropriate)
2025-05-31 20:14:30,744 - content_moderation_example - DEBUG - Added toxic pattern: spam content (Spam)
2025-05-31 20:14:30,744 - content_moderation_example - DEBUG - Added moderation rule for Hate Speech
2025-05-31 20:14:30,744 - content_moderation_example - DEBUG - Added moderation rule for Harassment
2025-05-31 20:14:30,744 - content_moderation_example - DEBUG - Added moderation rule for Inappropriate
2025-05-31 20:14:30,744 - content_moderation_example - DEBUG - Added moderation rule for Spam
2025-05-31 20:14:30,744 - content_moderation_example - INFO - 
==================================================
2025-05-31 20:14:30,744 - content_moderation_example - INFO - Testing Hate speech detection
2025-05-31 20:14:30,744 - content_moderation_example - INFO - ==================================================
2025-05-31 20:14:30,744 - content_moderation_example - INFO - Checking content for moderation
2025-05-31 20:14:30,753 - content_moderation_example - INFO - Content: This message contains hate speech example targeting minorities
2025-05-31 20:14:30,753 - content_moderation_example - INFO - Is toxic: True
2025-05-31 20:14:30,753 - content_moderation_example - INFO - Moderation details:
2025-05-31 20:14:30,753 - content_moderation_example - INFO - - Categories found: Harassment, Inappropriate, Spam
2025-05-31 20:14:30,753 - content_moderation_example - INFO - - Maximum severity: 0.80
2025-05-31 20:14:30,753 - content_moderation_example - INFO - - Actions required: flag, review, filter
2025-05-31 20:14:30,753 - content_moderation_example - INFO - 
Pattern matches:
2025-05-31 20:14:30,753 - content_moderation_example - INFO - - Pattern: harassment example
2025-05-31 20:14:30,753 - content_moderation_example - INFO -   Category: Harassment
2025-05-31 20:14:30,753 - content_moderation_example - INFO -   Severity: 0.80
2025-05-31 20:14:30,753 - content_moderation_example - INFO -   Similarity: 1.19
2025-05-31 20:14:30,753 - content_moderation_example - INFO - - Pattern: inappropriate content
2025-05-31 20:14:30,753 - content_moderation_example - INFO -   Category: Inappropriate
2025-05-31 20:14:30,753 - content_moderation_example - INFO -   Severity: 0.70
2025-05-31 20:14:30,753 - content_moderation_example - INFO -   Similarity: 1.24
2025-05-31 20:14:30,753 - content_moderation_example - INFO - - Pattern: spam content
2025-05-31 20:14:30,753 - content_moderation_example - INFO -   Category: Spam
2025-05-31 20:14:30,753 - content_moderation_example - INFO -   Severity: 0.60
2025-05-31 20:14:30,753 - content_moderation_example - INFO -   Similarity: 1.37
2025-05-31 20:14:30,753 - content_moderation_example - INFO - Filtering content
2025-05-31 20:14:30,753 - content_moderation_example - INFO - Checking content for moderation
2025-05-31 20:14:30,760 - content_moderation_example - INFO - 
Filtered content: This message contains hate speech example targeting minorities
2025-05-31 20:14:30,760 - content_moderation_example - INFO - 
==================================================
2025-05-31 20:14:30,760 - content_moderation_example - INFO - Testing Harassment detection
2025-05-31 20:14:30,760 - content_moderation_example - INFO - ==================================================
2025-05-31 20:14:30,760 - content_moderation_example - INFO - Checking content for moderation
2025-05-31 20:14:30,767 - content_moderation_example - INFO - Content: You are worthless and this is a harassment example
2025-05-31 20:14:30,767 - content_moderation_example - INFO - Is toxic: True
2025-05-31 20:14:30,767 - content_moderation_example - INFO - Moderation details:
2025-05-31 20:14:30,767 - content_moderation_example - INFO - - Categories found: Inappropriate, Hate Speech, Spam
2025-05-31 20:14:30,767 - content_moderation_example - INFO - - Maximum severity: 0.90
2025-05-31 20:14:30,767 - content_moderation_example - INFO - - Actions required: review, block, filter
2025-05-31 20:14:30,767 - content_moderation_example - INFO - 
Pattern matches:
2025-05-31 20:14:30,767 - content_moderation_example - INFO - - Pattern: hate speech example
2025-05-31 20:14:30,767 - content_moderation_example - INFO -   Category: Hate Speech
2025-05-31 20:14:30,767 - content_moderation_example - INFO -   Severity: 0.90
2025-05-31 20:14:30,767 - content_moderation_example - INFO -   Similarity: 1.20
2025-05-31 20:14:30,767 - content_moderation_example - INFO - - Pattern: inappropriate content
2025-05-31 20:14:30,768 - content_moderation_example - INFO -   Category: Inappropriate
2025-05-31 20:14:30,768 - content_moderation_example - INFO -   Severity: 0.70
2025-05-31 20:14:30,768 - content_moderation_example - INFO -   Similarity: 1.52
2025-05-31 20:14:30,768 - content_moderation_example - INFO - - Pattern: spam content
2025-05-31 20:14:30,768 - content_moderation_example - INFO -   Category: Spam
2025-05-31 20:14:30,768 - content_moderation_example - INFO -   Severity: 0.60
2025-05-31 20:14:30,768 - content_moderation_example - INFO -   Similarity: 1.53
2025-05-31 20:14:30,768 - content_moderation_example - INFO - Filtering content
2025-05-31 20:14:30,768 - content_moderation_example - INFO - Checking content for moderation
2025-05-31 20:14:30,774 - content_moderation_example - INFO - 
Filtered content: You are worthless and this is a harassment example
2025-05-31 20:14:30,775 - content_moderation_example - INFO - 
==================================================
2025-05-31 20:14:30,775 - content_moderation_example - INFO - Testing Inappropriate content
2025-05-31 20:14:30,775 - content_moderation_example - INFO - ==================================================
2025-05-31 20:14:30,775 - content_moderation_example - INFO - Checking content for moderation
2025-05-31 20:14:30,781 - content_moderation_example - INFO - Content: This post contains inappropriate content and should be reviewed
2025-05-31 20:14:30,782 - content_moderation_example - INFO - Is toxic: True
2025-05-31 20:14:30,782 - content_moderation_example - INFO - Moderation details:
2025-05-31 20:14:30,782 - content_moderation_example - INFO - - Categories found: Harassment, Spam, Hate Speech
2025-05-31 20:14:30,782 - content_moderation_example - INFO - - Maximum severity: 0.90
2025-05-31 20:14:30,782 - content_moderation_example - INFO - - Actions required: flag, filter, block
2025-05-31 20:14:30,782 - content_moderation_example - INFO - 
Pattern matches:
2025-05-31 20:14:30,782 - content_moderation_example - INFO - - Pattern: spam content
2025-05-31 20:14:30,782 - content_moderation_example - INFO -   Category: Spam
2025-05-31 20:14:30,782 - content_moderation_example - INFO -   Severity: 0.60
2025-05-31 20:14:30,782 - content_moderation_example - INFO -   Similarity: 1.05
2025-05-31 20:14:30,782 - content_moderation_example - INFO - - Pattern: hate speech example
2025-05-31 20:14:30,782 - content_moderation_example - INFO -   Category: Hate Speech
2025-05-31 20:14:30,782 - content_moderation_example - INFO -   Severity: 0.90
2025-05-31 20:14:30,782 - content_moderation_example - INFO -   Similarity: 1.54
2025-05-31 20:14:30,782 - content_moderation_example - INFO - - Pattern: harassment example
2025-05-31 20:14:30,782 - content_moderation_example - INFO -   Category: Harassment
2025-05-31 20:14:30,782 - content_moderation_example - INFO -   Severity: 0.80
2025-05-31 20:14:30,782 - content_moderation_example - INFO -   Similarity: 1.59
2025-05-31 20:14:30,782 - content_moderation_example - INFO - Filtering content
2025-05-31 20:14:30,782 - content_moderation_example - INFO - Checking content for moderation
2025-05-31 20:14:30,789 - content_moderation_example - INFO - 
Filtered content: This post contains inappropriate content and should be reviewed
2025-05-31 20:14:30,789 - content_moderation_example - INFO - 
==================================================
2025-05-31 20:14:30,789 - content_moderation_example - INFO - Testing Spam detection
2025-05-31 20:14:30,789 - content_moderation_example - INFO - ==================================================
2025-05-31 20:14:30,789 - content_moderation_example - INFO - Checking content for moderation
2025-05-31 20:14:30,797 - content_moderation_example - INFO - Content: Buy now! Limited time offer! This is spam content!
2025-05-31 20:14:30,797 - content_moderation_example - INFO - Is toxic: True
2025-05-31 20:14:30,797 - content_moderation_example - INFO - Moderation details:
2025-05-31 20:14:30,797 - content_moderation_example - INFO - - Categories found: Inappropriate, Spam, Hate Speech, Harassment
2025-05-31 20:14:30,797 - content_moderation_example - INFO - - Maximum severity: 0.90
2025-05-31 20:14:30,797 - content_moderation_example - INFO - - Actions required: review, filter, block, flag
2025-05-31 20:14:30,797 - content_moderation_example - INFO - 
Pattern matches:
2025-05-31 20:14:30,797 - content_moderation_example - INFO - - Pattern: spam content
2025-05-31 20:14:30,797 - content_moderation_example - INFO -   Category: Spam
2025-05-31 20:14:30,797 - content_moderation_example - INFO -   Severity: 0.60
2025-05-31 20:14:30,797 - content_moderation_example - INFO -   Similarity: 1.04
2025-05-31 20:14:30,797 - content_moderation_example - INFO - - Pattern: inappropriate content
2025-05-31 20:14:30,797 - content_moderation_example - INFO -   Category: Inappropriate
2025-05-31 20:14:30,797 - content_moderation_example - INFO -   Severity: 0.70
2025-05-31 20:14:30,797 - content_moderation_example - INFO -   Similarity: 1.60
2025-05-31 20:14:30,797 - content_moderation_example - INFO - - Pattern: hate speech example
2025-05-31 20:14:30,797 - content_moderation_example - INFO -   Category: Hate Speech
2025-05-31 20:14:30,797 - content_moderation_example - INFO -   Severity: 0.90
2025-05-31 20:14:30,797 - content_moderation_example - INFO -   Similarity: 1.87
2025-05-31 20:14:30,797 - content_moderation_example - INFO - - Pattern: harassment example
2025-05-31 20:14:30,797 - content_moderation_example - INFO -   Category: Harassment
2025-05-31 20:14:30,798 - content_moderation_example - INFO -   Severity: 0.80
2025-05-31 20:14:30,798 - content_moderation_example - INFO -   Similarity: 1.94
2025-05-31 20:14:30,798 - content_moderation_example - INFO - Filtering content
2025-05-31 20:14:30,798 - content_moderation_example - INFO - Checking content for moderation
2025-05-31 20:14:30,806 - content_moderation_example - INFO - 
Filtered content: Buy now! Limited time offer! This is [REDACTED]!
2025-05-31 20:14:30,806 - content_moderation_example - INFO - 
==================================================
2025-05-31 20:14:30,806 - content_moderation_example - INFO - Testing Clean content
2025-05-31 20:14:30,806 - content_moderation_example - INFO - ==================================================
2025-05-31 20:14:30,806 - content_moderation_example - INFO - Checking content for moderation
2025-05-31 20:14:30,814 - content_moderation_example - INFO - Content: This is a normal message without any issues
2025-05-31 20:14:30,814 - content_moderation_example - INFO - Is toxic: True
2025-05-31 20:14:30,814 - content_moderation_example - INFO - Moderation details:
2025-05-31 20:14:30,814 - content_moderation_example - INFO - - Categories found: Harassment, Inappropriate, Hate Speech, Spam
2025-05-31 20:14:30,814 - content_moderation_example - INFO - - Maximum severity: 0.90
2025-05-31 20:14:30,814 - content_moderation_example - INFO - - Actions required: flag, review, block, filter
2025-05-31 20:14:30,814 - content_moderation_example - INFO - 
Pattern matches:
2025-05-31 20:14:30,814 - content_moderation_example - INFO - - Pattern: inappropriate content
2025-05-31 20:14:30,814 - content_moderation_example - INFO -   Category: Inappropriate
2025-05-31 20:14:30,814 - content_moderation_example - INFO -   Severity: 0.70
2025-05-31 20:14:30,814 - content_moderation_example - INFO -   Similarity: 1.37
2025-05-31 20:14:30,814 - content_moderation_example - INFO - - Pattern: spam content
2025-05-31 20:14:30,814 - content_moderation_example - INFO -   Category: Spam
2025-05-31 20:14:30,814 - content_moderation_example - INFO -   Severity: 0.60
2025-05-31 20:14:30,814 - content_moderation_example - INFO -   Similarity: 1.55
2025-05-31 20:14:30,814 - content_moderation_example - INFO - - Pattern: harassment example
2025-05-31 20:14:30,815 - content_moderation_example - INFO -   Category: Harassment
2025-05-31 20:14:30,815 - content_moderation_example - INFO -   Severity: 0.80
2025-05-31 20:14:30,815 - content_moderation_example - INFO -   Similarity: 1.72
2025-05-31 20:14:30,815 - content_moderation_example - INFO - - Pattern: hate speech example
2025-05-31 20:14:30,815 - content_moderation_example - INFO -   Category: Hate Speech
2025-05-31 20:14:30,815 - content_moderation_example - INFO -   Severity: 0.90
2025-05-31 20:14:30,815 - content_moderation_example - INFO -   Similarity: 1.78
2025-05-31 20:14:30,815 - content_moderation_example - INFO - Filtering content
2025-05-31 20:14:30,815 - content_moderation_example - INFO - Checking content for moderation
2025-05-31 20:14:30,822 - content_moderation_example - INFO - 
Filtered content: This is a normal message without any issues
