2025-05-31 20:20:55,261 - batch_processing_example - INFO - Starting batch processing example
2025-05-31 20:20:55,261 - batch_processing_example - INFO - Creating large dataset with 10000 records
2025-05-31 20:20:55,263 - batch_processing_example - DEBUG - Created chunk file: data/chunk_0.csv
2025-05-31 20:20:55,264 - batch_processing_example - DEBUG - Created chunk file: data/chunk_1.csv
2025-05-31 20:20:55,265 - batch_processing_example - DEBUG - Created chunk file: data/chunk_2.csv
2025-05-31 20:20:55,266 - batch_processing_example - DEBUG - Created chunk file: data/chunk_3.csv
2025-05-31 20:20:55,267 - batch_processing_example - DEBUG - Created chunk file: data/chunk_4.csv
2025-05-31 20:20:55,268 - batch_processing_example - DEBUG - Created chunk file: data/chunk_5.csv
2025-05-31 20:20:55,269 - batch_processing_example - DEBUG - Created chunk file: data/chunk_6.csv
2025-05-31 20:20:55,270 - batch_processing_example - DEBUG - Created chunk file: data/chunk_7.csv
2025-05-31 20:20:55,271 - batch_processing_example - DEBUG - Created chunk file: data/chunk_8.csv
2025-05-31 20:20:55,272 - batch_processing_example - DEBUG - Created chunk file: data/chunk_9.csv
2025-05-31 20:20:55,272 - batch_processing_example - INFO - Starting batch processing
2025-05-31 20:20:55,272 - batch_processing_example - INFO - Found 10 files to process
2025-05-31 20:20:55,272 - batch_processing_example - INFO - Processing batch 0 (10 files)
2025-05-31 20:20:55,283 - batch_processing_example - INFO - Processing batch 0
2025-05-31 20:20:55,302 - batch_processing_example - INFO - Processing complete:
2025-05-31 20:20:55,302 - batch_processing_example - INFO - - Total batches: 1
2025-05-31 20:20:55,302 - batch_processing_example - INFO - - Successful batches: 1
2025-05-31 20:20:55,302 - batch_processing_example - INFO - - Total records processed: 10000
